==========================================
Job ID: 3113360
Node: gput055
Model: vgg16
Algorithm: fft
GPU Constraint: gpu4v100
Start Time: Wed Feb  4 11:59:43 EST 2026
==========================================
Wed Feb  4 11:59:43 2026       
+-----------------------------------------------------------------------------------------+
| NVIDIA-SMI 570.158.01             Driver Version: 570.158.01     CUDA Version: 12.8     |
|-----------------------------------------+------------------------+----------------------+
| GPU  Name                 Persistence-M | Bus-Id          Disp.A | Volatile Uncorr. ECC |
| Fan  Temp   Perf          Pwr:Usage/Cap |           Memory-Usage | GPU-Util  Compute M. |
|                                         |                        |               MIG M. |
|=========================================+========================+======================|
|   0  Tesla V100-SXM2-32GB           On  |   00000000:86:00.0 Off |                    0 |
| N/A   36C    P0             39W /  300W |       0MiB /  32768MiB |      0%      Default |
|                                         |                        |                  N/A |
+-----------------------------------------+------------------------+----------------------+
                                                                                         
+-----------------------------------------------------------------------------------------+
| Processes:                                                                              |
|  GPU   GI   CI              PID   Type   Process name                        GPU Memory |
|        ID   ID                                                               Usage      |
|=========================================================================================|
|  No running processes found                                                             |
+-----------------------------------------------------------------------------------------+
⚡ TEST MODE: 1 input size, 2 iterations
✓ Power monitoring initialized (current: 54.56W)
======================================================================
UNIFIED PROFILER: VGG16 + FFT
======================================================================

Configuration:
  Model: vgg16
  Algorithm: fft
  Batch size: 1
  Input sizes: 1 (224 to 224)
  Warmup iterations: 1
  Measurement iterations: 2

Loading vgg16...
✓ vgg16 loaded
Applying ai3 'fft' algorithm conversion...
✓ Conversion completed:
  Total Conv2D layers: 13
  AI3 converted layers: 13
  Conversion rate: 100.0%

✓ CUDA available: Tesla V100-SXM2-32GB
  cuDNN version: 90600

======================================================================
STARTING PROFILING
======================================================================

[1/1] Input size: 224x224
  ✓ Input tensor: (1, 3, 224, 224)
  ✓ Time: 261.06ms ± 32.19ms
  ✓ Power: 95.90W (trapezoidal, 64 samples)
  ✓ Energy: 25.1963J per inference
  Top 3 slowest layers:
    features.14: 106.55ms (40.8%)
    features.21: 96.37ms (36.9%)
    features.7: 55.56ms (21.3%)

✓ Overall results: results/1_sanity/vgg16_fft_v100/vgg16_fft_overall.csv
✓ Layer results: results/1_sanity/vgg16_fft_v100/vgg16_fft_layers.csv

======================================================================
PROFILING COMPLETED
======================================================================
  ✓ 1 input sizes profiled
  ✓ 13 layer measurements
  ✓ Results saved to: results/1_sanity/vgg16_fft_v100
==========================================
End Time: Wed Feb  4 12:00:00 EST 2026
Exit Code: 0
==========================================
