==========================================
Job ID: 3113362
Node: gput072
Model: vgg16
Algorithm: fft tiling
GPU Constraint: gpu2h100
Start Time: Wed Feb  4 12:50:46 EST 2026
==========================================
Wed Feb  4 12:50:46 2026       
+-----------------------------------------------------------------------------------------+
| NVIDIA-SMI 570.158.01             Driver Version: 570.158.01     CUDA Version: 12.8     |
|-----------------------------------------+------------------------+----------------------+
| GPU  Name                 Persistence-M | Bus-Id          Disp.A | Volatile Uncorr. ECC |
| Fan  Temp   Perf          Pwr:Usage/Cap |           Memory-Usage | GPU-Util  Compute M. |
|                                         |                        |               MIG M. |
|=========================================+========================+======================|
|   0  NVIDIA H100 NVL                On  |   00000000:E4:00.0 Off |                    0 |
| N/A   31C    P0             62W /  400W |       0MiB /  95830MiB |      0%      Default |
|                                         |                        |             Disabled |
+-----------------------------------------+------------------------+----------------------+
                                                                                         
+-----------------------------------------------------------------------------------------+
| Processes:                                                                              |
|  GPU   GI   CI              PID   Type   Process name                        GPU Memory |
|        ID   ID                                                               Usage      |
|=========================================================================================|
|  No running processes found                                                             |
+-----------------------------------------------------------------------------------------+
⚡ TEST MODE: 1 input size, 2 iterations
✓ Power monitoring initialized (current: 64.33W)
======================================================================
UNIFIED PROFILER: VGG16 + FFT TILING
======================================================================

Configuration:
  Model: vgg16
  Algorithm: fft tiling
  Batch size: 1
  Input sizes: 1 (224 to 224)
  Warmup iterations: 1
  Measurement iterations: 2

Loading vgg16...
✓ vgg16 loaded
Applying ai3 'fft tiling' algorithm conversion...
✓ Conversion completed:
  Total Conv2D layers: 13
  AI3 converted layers: 13
  Conversion rate: 100.0%

✓ CUDA available: NVIDIA H100 NVL
  cuDNN version: 90600

======================================================================
STARTING PROFILING
======================================================================

[1/1] Input size: 224x224
  ✓ Input tensor: (1, 3, 224, 224)
  ✓ Time: 65.82ms ± 0.47ms
  ✓ Power: 92.58W (trapezoidal, 13 samples)
  ✓ Energy: 6.0041J per inference
  Top 3 slowest layers:
    features.21: 5.27ms (8.0%)
    features.28: 5.00ms (7.6%)
    features.26: 5.00ms (7.6%)

✓ Overall results: results/1_sanity/vgg16_fft_tiling_h100/vgg16_fft_tiling_overall.csv
✓ Layer results: results/1_sanity/vgg16_fft_tiling_h100/vgg16_fft_tiling_layers.csv

======================================================================
PROFILING COMPLETED
======================================================================
  ✓ 1 input sizes profiled
  ✓ 13 layer measurements
  ✓ Results saved to: results/1_sanity/vgg16_fft_tiling_h100
==========================================
End Time: Wed Feb  4 12:51:00 EST 2026
Exit Code: 0
==========================================
