==========================================
Job ID: 3113401
Node: gput063
Model: resnet152
Algorithm: implicit gemm
GPU Constraint: gpul40s
Start Time: Wed Feb  4 12:26:45 EST 2026
==========================================
Wed Feb  4 12:26:45 2026       
+-----------------------------------------------------------------------------------------+
| NVIDIA-SMI 570.158.01             Driver Version: 570.158.01     CUDA Version: 12.8     |
|-----------------------------------------+------------------------+----------------------+
| GPU  Name                 Persistence-M | Bus-Id          Disp.A | Volatile Uncorr. ECC |
| Fan  Temp   Perf          Pwr:Usage/Cap |           Memory-Usage | GPU-Util  Compute M. |
|                                         |                        |               MIG M. |
|=========================================+========================+======================|
|   0  NVIDIA L40S                    On  |   00000000:C9:00.0 Off |                    0 |
| N/A   25C    P8             31W /  350W |       0MiB /  46068MiB |      0%      Default |
|                                         |                        |                  N/A |
+-----------------------------------------+------------------------+----------------------+
                                                                                         
+-----------------------------------------------------------------------------------------+
| Processes:                                                                              |
|  GPU   GI   CI              PID   Type   Process name                        GPU Memory |
|        ID   ID                                                               Usage      |
|=========================================================================================|
|  No running processes found                                                             |
+-----------------------------------------------------------------------------------------+
⚡ TEST MODE: 1 input size, 2 iterations
✓ Power monitoring initialized (current: 35.75W)
======================================================================
UNIFIED PROFILER: RESNET152 + IMPLICIT GEMM
======================================================================

Configuration:
  Model: resnet152
  Algorithm: implicit gemm
  Batch size: 1
  Input sizes: 1 (224 to 224)
  Warmup iterations: 1
  Measurement iterations: 2

Loading resnet152...
✓ resnet152 loaded
Applying ai3 'implicit gemm' algorithm conversion...
✓ Conversion completed:
  Total Conv2D layers: 155
  AI3 converted layers: 155
  Conversion rate: 100.0%

✓ CUDA available: NVIDIA L40S
  cuDNN version: 90600

======================================================================
STARTING PROFILING
======================================================================

[1/1] Input size: 224x224
  ✓ Input tensor: (1, 3, 224, 224)
  ✓ Time: 186.53ms ± 5.50ms
  ✓ Power: 74.74W (trapezoidal, 2 samples)
  ✓ Energy: 6.8049J per inference
  Top 3 slowest layers:
    layer4.2.conv2: 1.92ms (1.0%)
    layer4.1.conv2: 1.90ms (1.0%)
    layer3.5.conv2: 1.85ms (1.0%)

✓ Overall results: results/1_sanity/resnet152_implicit_gemm_l40s/resnet152_implicit_gemm_overall.csv
✓ Layer results: results/1_sanity/resnet152_implicit_gemm_l40s/resnet152_implicit_gemm_layers.csv

======================================================================
PROFILING COMPLETED
======================================================================
  ✓ 1 input sizes profiled
  ✓ 155 layer measurements
  ✓ Results saved to: results/1_sanity/resnet152_implicit_gemm_l40s
==========================================
End Time: Wed Feb  4 12:26:53 EST 2026
Exit Code: 0
==========================================
