==========================================
Job ID: 3113369
Node: gput055
Model: vgg16
Algorithm: winograd nonfused
GPU Constraint: gpu4v100
Start Time: Wed Feb  4 12:05:44 EST 2026
==========================================
Wed Feb  4 12:05:44 2026       
+-----------------------------------------------------------------------------------------+
| NVIDIA-SMI 570.158.01             Driver Version: 570.158.01     CUDA Version: 12.8     |
|-----------------------------------------+------------------------+----------------------+
| GPU  Name                 Persistence-M | Bus-Id          Disp.A | Volatile Uncorr. ECC |
| Fan  Temp   Perf          Pwr:Usage/Cap |           Memory-Usage | GPU-Util  Compute M. |
|                                         |                        |               MIG M. |
|=========================================+========================+======================|
|   0  Tesla V100-SXM2-32GB           On  |   00000000:86:00.0 Off |                    0 |
| N/A   36C    P0             39W /  300W |       0MiB /  32768MiB |      0%      Default |
|                                         |                        |                  N/A |
+-----------------------------------------+------------------------+----------------------+
                                                                                         
+-----------------------------------------------------------------------------------------+
| Processes:                                                                              |
|  GPU   GI   CI              PID   Type   Process name                        GPU Memory |
|        ID   ID                                                               Usage      |
|=========================================================================================|
|  No running processes found                                                             |
+-----------------------------------------------------------------------------------------+
⚡ TEST MODE: 1 input size, 2 iterations
✓ Power monitoring initialized (current: 55.05W)
======================================================================
UNIFIED PROFILER: VGG16 + WINOGRAD NONFUSED
======================================================================

Configuration:
  Model: vgg16
  Algorithm: winograd nonfused
  Batch size: 1
  Input sizes: 1 (224 to 224)
  Warmup iterations: 1
  Measurement iterations: 2

Loading vgg16...
✓ vgg16 loaded
Applying ai3 'winograd nonfused' algorithm conversion...
✓ Conversion completed:
  Total Conv2D layers: 13
  AI3 converted layers: 13
  Conversion rate: 100.0%

✓ CUDA available: Tesla V100-SXM2-32GB
  cuDNN version: 90600

======================================================================
STARTING PROFILING
======================================================================

[1/1] Input size: 224x224
  ✓ Input tensor: (1, 3, 224, 224)
  ✓ Time: 128.51ms ± 0.03ms
  ✓ Power: 83.56W (trapezoidal, 30 samples)
  ✓ Energy: 10.5632J per inference
  Top 3 slowest layers:
    features.2: 15.40ms (12.0%)
    features.19: 9.92ms (7.7%)
    features.7: 9.52ms (7.4%)

✓ Overall results: results/1_sanity/vgg16_winograd_nonfused_v100/vgg16_winograd_nonfused_overall.csv
✓ Layer results: results/1_sanity/vgg16_winograd_nonfused_v100/vgg16_winograd_nonfused_layers.csv

======================================================================
PROFILING COMPLETED
======================================================================
  ✓ 1 input sizes profiled
  ✓ 13 layer measurements
  ✓ Results saved to: results/1_sanity/vgg16_winograd_nonfused_v100
==========================================
End Time: Wed Feb  4 12:06:00 EST 2026
Exit Code: 0
==========================================
