==========================================
Job ID: 3113447
Node: gput066
Model: alexnet
Algorithm: implicit precomp gemm
GPU Constraint: gpul40s
Start Time: Wed Feb  4 13:09:47 EST 2026
==========================================
Wed Feb  4 13:09:47 2026       
+-----------------------------------------------------------------------------------------+
| NVIDIA-SMI 570.158.01             Driver Version: 570.158.01     CUDA Version: 12.8     |
|-----------------------------------------+------------------------+----------------------+
| GPU  Name                 Persistence-M | Bus-Id          Disp.A | Volatile Uncorr. ECC |
| Fan  Temp   Perf          Pwr:Usage/Cap |           Memory-Usage | GPU-Util  Compute M. |
|                                         |                        |               MIG M. |
|=========================================+========================+======================|
|   0  NVIDIA L40S                    On  |   00000000:E1:00.0 Off |                    0 |
| N/A   24C    P8             33W /  350W |       0MiB /  46068MiB |      0%      Default |
|                                         |                        |                  N/A |
+-----------------------------------------+------------------------+----------------------+
                                                                                         
+-----------------------------------------------------------------------------------------+
| Processes:                                                                              |
|  GPU   GI   CI              PID   Type   Process name                        GPU Memory |
|        ID   ID                                                               Usage      |
|=========================================================================================|
|  No running processes found                                                             |
+-----------------------------------------------------------------------------------------+
⚡ TEST MODE: 1 input size, 2 iterations
✓ Power monitoring initialized (current: 33.77W)
======================================================================
UNIFIED PROFILER: ALEXNET + IMPLICIT PRECOMP GEMM
======================================================================

Configuration:
  Model: alexnet
  Algorithm: implicit precomp gemm
  Batch size: 1
  Input sizes: 1 (224 to 224)
  Warmup iterations: 1
  Measurement iterations: 2

Loading alexnet...
✓ alexnet loaded
Applying ai3 'implicit precomp gemm' algorithm conversion...
✓ Conversion completed:
  Total Conv2D layers: 5
  AI3 converted layers: 5
  Conversion rate: 100.0%

✓ CUDA available: NVIDIA L40S
  cuDNN version: 90600

======================================================================
STARTING PROFILING
======================================================================

[1/1] Input size: 224x224
  ✓ Input tensor: (1, 3, 224, 224)
  ✓ Time: 8.28ms ± 0.27ms
  ✓ Power: 46.58W (trapezoidal, 3 samples)
  ✓ Energy: 0.3092J per inference
  Top 3 slowest layers:
    features.8: 1.02ms (12.3%)
    features.6: 0.97ms (11.7%)
    features.0: 0.90ms (10.9%)

✓ Overall results: results/1_sanity/alexnet_implicit_precomp_gemm_l40s/alexnet_implicit_precomp_gemm_overall.csv
✓ Layer results: results/1_sanity/alexnet_implicit_precomp_gemm_l40s/alexnet_implicit_precomp_gemm_layers.csv

======================================================================
PROFILING COMPLETED
======================================================================
  ✓ 1 input sizes profiled
  ✓ 5 layer measurements
  ✓ Results saved to: results/1_sanity/alexnet_implicit_precomp_gemm_l40s
==========================================
End Time: Wed Feb  4 13:10:03 EST 2026
Exit Code: 0
==========================================
