==========================================
Job ID: 3113436
Node: gput072
Model: googlenet
Algorithm: guess
GPU Constraint: gpu2h100
Start Time: Wed Feb  4 13:17:48 EST 2026
==========================================
Wed Feb  4 13:17:48 2026       
+-----------------------------------------------------------------------------------------+
| NVIDIA-SMI 570.158.01             Driver Version: 570.158.01     CUDA Version: 12.8     |
|-----------------------------------------+------------------------+----------------------+
| GPU  Name                 Persistence-M | Bus-Id          Disp.A | Volatile Uncorr. ECC |
| Fan  Temp   Perf          Pwr:Usage/Cap |           Memory-Usage | GPU-Util  Compute M. |
|                                         |                        |               MIG M. |
|=========================================+========================+======================|
|   0  NVIDIA H100 NVL                On  |   00000000:E4:00.0 Off |                    0 |
| N/A   29C    P0             61W /  400W |       0MiB /  95830MiB |      0%      Default |
|                                         |                        |             Disabled |
+-----------------------------------------+------------------------+----------------------+
                                                                                         
+-----------------------------------------------------------------------------------------+
| Processes:                                                                              |
|  GPU   GI   CI              PID   Type   Process name                        GPU Memory |
|        ID   ID                                                               Usage      |
|=========================================================================================|
|  No running processes found                                                             |
+-----------------------------------------------------------------------------------------+
⚡ TEST MODE: 1 input size, 2 iterations
✓ Power monitoring initialized (current: 63.76W)
======================================================================
UNIFIED PROFILER: GOOGLENET + GUESS
======================================================================

Configuration:
  Model: googlenet
  Algorithm: guess
  Batch size: 1
  Input sizes: 1 (224 to 224)
  Warmup iterations: 1
  Measurement iterations: 2

Loading googlenet...
✓ googlenet loaded
Applying ai3 'guess' algorithm conversion...
✓ Conversion completed:
  Total Conv2D layers: 57
  AI3 converted layers: 57
  Conversion rate: 100.0%

✓ CUDA available: NVIDIA H100 NVL
  cuDNN version: 90600

======================================================================
STARTING PROFILING
======================================================================

[1/1] Input size: 224x224
  ✓ Input tensor: (1, 3, 224, 224)
  ✓ Time: 57.53ms ± 1.21ms
  ✓ Power: 74.64W (trapezoidal, 3 samples)
  ✓ Energy: 2.2026J per inference
  Top 3 slowest layers:
    conv3.conv: 1.33ms (2.3%)
    inception5b.branch2.1.conv: 1.13ms (2.0%)
    inception4e.branch2.1.conv: 1.02ms (1.8%)

✓ Overall results: results/1_sanity/googlenet_guess_h100/googlenet_guess_overall.csv
✓ Layer results: results/1_sanity/googlenet_guess_h100/googlenet_guess_layers.csv

======================================================================
PROFILING COMPLETED
======================================================================
  ✓ 1 input sizes profiled
  ✓ 57 layer measurements
  ✓ Results saved to: results/1_sanity/googlenet_guess_h100
==========================================
End Time: Wed Feb  4 13:17:59 EST 2026
Exit Code: 0
==========================================
