==========================================
Job ID: 3113444
Node: gput066
Model: alexnet
Algorithm: implicit gemm
GPU Constraint: gpul40s
Start Time: Wed Feb  4 13:08:47 EST 2026
==========================================
Wed Feb  4 13:08:47 2026       
+-----------------------------------------------------------------------------------------+
| NVIDIA-SMI 570.158.01             Driver Version: 570.158.01     CUDA Version: 12.8     |
|-----------------------------------------+------------------------+----------------------+
| GPU  Name                 Persistence-M | Bus-Id          Disp.A | Volatile Uncorr. ECC |
| Fan  Temp   Perf          Pwr:Usage/Cap |           Memory-Usage | GPU-Util  Compute M. |
|                                         |                        |               MIG M. |
|=========================================+========================+======================|
|   0  NVIDIA L40S                    On  |   00000000:E1:00.0 Off |                    0 |
| N/A   24C    P8             33W /  350W |       0MiB /  46068MiB |      0%      Default |
|                                         |                        |                  N/A |
+-----------------------------------------+------------------------+----------------------+
                                                                                         
+-----------------------------------------------------------------------------------------+
| Processes:                                                                              |
|  GPU   GI   CI              PID   Type   Process name                        GPU Memory |
|        ID   ID                                                               Usage      |
|=========================================================================================|
|  No running processes found                                                             |
+-----------------------------------------------------------------------------------------+
⚡ TEST MODE: 1 input size, 2 iterations
✓ Power monitoring initialized (current: 35.97W)
======================================================================
UNIFIED PROFILER: ALEXNET + IMPLICIT GEMM
======================================================================

Configuration:
  Model: alexnet
  Algorithm: implicit gemm
  Batch size: 1
  Input sizes: 1 (224 to 224)
  Warmup iterations: 1
  Measurement iterations: 2

Loading alexnet...
✓ alexnet loaded
Applying ai3 'implicit gemm' algorithm conversion...
✓ Conversion completed:
  Total Conv2D layers: 5
  AI3 converted layers: 5
  Conversion rate: 100.0%

✓ CUDA available: NVIDIA L40S
  cuDNN version: 90600

======================================================================
STARTING PROFILING
======================================================================

[1/1] Input size: 224x224
  ✓ Input tensor: (1, 3, 224, 224)
  ✓ Time: 9.13ms ± 0.19ms
  ✓ Power: 81.42W (trapezoidal, 2 samples)
  ✓ Energy: 0.3918J per inference
  Top 3 slowest layers:
    features.8: 1.26ms (13.8%)
    features.6: 1.24ms (13.6%)
    features.10: 1.12ms (12.3%)

✓ Overall results: results/1_sanity/alexnet_implicit_gemm_l40s/alexnet_implicit_gemm_overall.csv
✓ Layer results: results/1_sanity/alexnet_implicit_gemm_l40s/alexnet_implicit_gemm_layers.csv

======================================================================
PROFILING COMPLETED
======================================================================
  ✓ 1 input sizes profiled
  ✓ 5 layer measurements
  ✓ Results saved to: results/1_sanity/alexnet_implicit_gemm_l40s
==========================================
End Time: Wed Feb  4 13:09:00 EST 2026
Exit Code: 0
==========================================
