==========================================
Job ID: 3113370
Node: gput063
Model: vgg16
Algorithm: guess
GPU Constraint: gpul40s
Start Time: Wed Feb  4 12:06:44 EST 2026
==========================================
Wed Feb  4 12:06:44 2026       
+-----------------------------------------------------------------------------------------+
| NVIDIA-SMI 570.158.01             Driver Version: 570.158.01     CUDA Version: 12.8     |
|-----------------------------------------+------------------------+----------------------+
| GPU  Name                 Persistence-M | Bus-Id          Disp.A | Volatile Uncorr. ECC |
| Fan  Temp   Perf          Pwr:Usage/Cap |           Memory-Usage | GPU-Util  Compute M. |
|                                         |                        |               MIG M. |
|=========================================+========================+======================|
|   0  NVIDIA L40S                    On  |   00000000:C9:00.0 Off |                    0 |
| N/A   25C    P8             31W /  350W |       0MiB /  46068MiB |      0%      Default |
|                                         |                        |                  N/A |
+-----------------------------------------+------------------------+----------------------+
                                                                                         
+-----------------------------------------------------------------------------------------+
| Processes:                                                                              |
|  GPU   GI   CI              PID   Type   Process name                        GPU Memory |
|        ID   ID                                                               Usage      |
|=========================================================================================|
|  No running processes found                                                             |
+-----------------------------------------------------------------------------------------+
⚡ TEST MODE: 1 input size, 2 iterations
✓ Power monitoring initialized (current: 34.90W)
======================================================================
UNIFIED PROFILER: VGG16 + GUESS
======================================================================

Configuration:
  Model: vgg16
  Algorithm: guess
  Batch size: 1
  Input sizes: 1 (224 to 224)
  Warmup iterations: 1
  Measurement iterations: 2

Loading vgg16...
✓ vgg16 loaded
Applying ai3 'guess' algorithm conversion...
✓ Conversion completed:
  Total Conv2D layers: 13
  AI3 converted layers: 13
  Conversion rate: 100.0%

✓ CUDA available: NVIDIA L40S
  cuDNN version: 90600

======================================================================
STARTING PROFILING
======================================================================

[1/1] Input size: 224x224
  ✓ Input tensor: (1, 3, 224, 224)
  ✓ Time: 43.35ms ± 0.26ms
  ✓ Power: 64.75W (trapezoidal, 3 samples)
  ✓ Energy: 1.8241J per inference
  Top 3 slowest layers:
    features.2: 3.84ms (8.9%)
    features.21: 2.62ms (6.0%)
    features.7: 2.60ms (6.0%)

✓ Overall results: results/1_sanity/vgg16_guess_l40s/vgg16_guess_overall.csv
✓ Layer results: results/1_sanity/vgg16_guess_l40s/vgg16_guess_layers.csv

======================================================================
PROFILING COMPLETED
======================================================================
  ✓ 1 input sizes profiled
  ✓ 13 layer measurements
  ✓ Results saved to: results/1_sanity/vgg16_guess_l40s
==========================================
End Time: Wed Feb  4 12:06:51 EST 2026
Exit Code: 0
==========================================
