==========================================
Job ID: 3113361
Node: gput063
Model: vgg16
Algorithm: fft tiling
GPU Constraint: gpul40s
Start Time: Wed Feb  4 12:00:43 EST 2026
==========================================
Wed Feb  4 12:00:43 2026       
+-----------------------------------------------------------------------------------------+
| NVIDIA-SMI 570.158.01             Driver Version: 570.158.01     CUDA Version: 12.8     |
|-----------------------------------------+------------------------+----------------------+
| GPU  Name                 Persistence-M | Bus-Id          Disp.A | Volatile Uncorr. ECC |
| Fan  Temp   Perf          Pwr:Usage/Cap |           Memory-Usage | GPU-Util  Compute M. |
|                                         |                        |               MIG M. |
|=========================================+========================+======================|
|   0  NVIDIA L40S                    On  |   00000000:C9:00.0 Off |                    0 |
| N/A   25C    P8             31W /  350W |       0MiB /  46068MiB |      0%      Default |
|                                         |                        |                  N/A |
+-----------------------------------------+------------------------+----------------------+
                                                                                         
+-----------------------------------------------------------------------------------------+
| Processes:                                                                              |
|  GPU   GI   CI              PID   Type   Process name                        GPU Memory |
|        ID   ID                                                               Usage      |
|=========================================================================================|
|  No running processes found                                                             |
+-----------------------------------------------------------------------------------------+
⚡ TEST MODE: 1 input size, 2 iterations
✓ Power monitoring initialized (current: 37.60W)
======================================================================
UNIFIED PROFILER: VGG16 + FFT TILING
======================================================================

Configuration:
  Model: vgg16
  Algorithm: fft tiling
  Batch size: 1
  Input sizes: 1 (224 to 224)
  Warmup iterations: 1
  Measurement iterations: 2

Loading vgg16...
✓ vgg16 loaded
Applying ai3 'fft tiling' algorithm conversion...
✓ Conversion completed:
  Total Conv2D layers: 13
  AI3 converted layers: 13
  Conversion rate: 100.0%

✓ CUDA available: NVIDIA L40S
  cuDNN version: 90600

======================================================================
STARTING PROFILING
======================================================================

[1/1] Input size: 224x224
  ✓ Input tensor: (1, 3, 224, 224)
  ✓ Time: 299.83ms ± 137.06ms
  ✓ Power: 87.81W (trapezoidal, 35 samples)
  ✓ Energy: 27.1324J per inference
  Top 3 slowest layers:
    features.21: 17.27ms (5.8%)
    features.2: 17.06ms (5.7%)
    features.19: 15.70ms (5.2%)

✓ Overall results: results/1_sanity/vgg16_fft_tiling_l40s/vgg16_fft_tiling_overall.csv
✓ Layer results: results/1_sanity/vgg16_fft_tiling_l40s/vgg16_fft_tiling_layers.csv

======================================================================
PROFILING COMPLETED
======================================================================
  ✓ 1 input sizes profiled
  ✓ 13 layer measurements
  ✓ Results saved to: results/1_sanity/vgg16_fft_tiling_l40s
==========================================
End Time: Wed Feb  4 12:00:51 EST 2026
Exit Code: 0
==========================================
