==========================================
Job ID: 3113432
Node: gput063
Model: googlenet
Algorithm: fft tiling
GPU Constraint: gpul40s
Start Time: Wed Feb  4 13:00:47 EST 2026
==========================================
Wed Feb  4 13:00:47 2026       
+-----------------------------------------------------------------------------------------+
| NVIDIA-SMI 570.158.01             Driver Version: 570.158.01     CUDA Version: 12.8     |
|-----------------------------------------+------------------------+----------------------+
| GPU  Name                 Persistence-M | Bus-Id          Disp.A | Volatile Uncorr. ECC |
| Fan  Temp   Perf          Pwr:Usage/Cap |           Memory-Usage | GPU-Util  Compute M. |
|                                         |                        |               MIG M. |
|=========================================+========================+======================|
|   0  NVIDIA L40S                    On  |   00000000:C9:00.0 Off |                    0 |
| N/A   25C    P8             31W /  350W |       0MiB /  46068MiB |      0%      Default |
|                                         |                        |                  N/A |
+-----------------------------------------+------------------------+----------------------+
                                                                                         
+-----------------------------------------------------------------------------------------+
| Processes:                                                                              |
|  GPU   GI   CI              PID   Type   Process name                        GPU Memory |
|        ID   ID                                                               Usage      |
|=========================================================================================|
|  No running processes found                                                             |
+-----------------------------------------------------------------------------------------+
⚡ TEST MODE: 1 input size, 2 iterations
✓ Power monitoring initialized (current: 31.93W)
======================================================================
UNIFIED PROFILER: GOOGLENET + FFT TILING
======================================================================

Configuration:
  Model: googlenet
  Algorithm: fft tiling
  Batch size: 1
  Input sizes: 1 (224 to 224)
  Warmup iterations: 1
  Measurement iterations: 2

Loading googlenet...
✓ googlenet loaded
Applying ai3 'fft tiling' algorithm conversion...
✓ Conversion completed:
  Total Conv2D layers: 57
  AI3 converted layers: 57
  Conversion rate: 100.0%

✓ CUDA available: NVIDIA L40S
  cuDNN version: 90600

======================================================================
STARTING PROFILING
======================================================================

[1/1] Input size: 224x224
  ✓ Input tensor: (1, 3, 224, 224)
  ✓ Time: 190.58ms ± 116.76ms
  ✓ Power: 47.56W (trapezoidal, 5 samples)
  ✓ Energy: 7.2969J per inference
  Top 3 slowest layers:
    inception5b.branch2.1.conv: 3.20ms (1.7%)
    inception4e.branch2.1.conv: 2.45ms (1.3%)
    inception5a.branch3.1.conv: 2.09ms (1.1%)

✓ Overall results: results/1_sanity/googlenet_fft_tiling_l40s/googlenet_fft_tiling_overall.csv
✓ Layer results: results/1_sanity/googlenet_fft_tiling_l40s/googlenet_fft_tiling_layers.csv

======================================================================
PROFILING COMPLETED
======================================================================
  ✓ 1 input sizes profiled
  ✓ 57 layer measurements
  ✓ Results saved to: results/1_sanity/googlenet_fft_tiling_l40s
==========================================
End Time: Wed Feb  4 13:00:54 EST 2026
Exit Code: 0
==========================================
