==========================================
Job ID: 3113416
Node: gput055
Model: resnet152
Algorithm: guess
GPU Constraint: gpu4v100
Start Time: Wed Feb  4 12:49:46 EST 2026
==========================================
Wed Feb  4 12:49:46 2026       
+-----------------------------------------------------------------------------------------+
| NVIDIA-SMI 570.158.01             Driver Version: 570.158.01     CUDA Version: 12.8     |
|-----------------------------------------+------------------------+----------------------+
| GPU  Name                 Persistence-M | Bus-Id          Disp.A | Volatile Uncorr. ECC |
| Fan  Temp   Perf          Pwr:Usage/Cap |           Memory-Usage | GPU-Util  Compute M. |
|                                         |                        |               MIG M. |
|=========================================+========================+======================|
|   0  Tesla V100-SXM2-32GB           On  |   00000000:86:00.0 Off |                    0 |
| N/A   35C    P0             39W /  300W |       0MiB /  32768MiB |      0%      Default |
|                                         |                        |                  N/A |
+-----------------------------------------+------------------------+----------------------+
                                                                                         
+-----------------------------------------------------------------------------------------+
| Processes:                                                                              |
|  GPU   GI   CI              PID   Type   Process name                        GPU Memory |
|        ID   ID                                                               Usage      |
|=========================================================================================|
|  No running processes found                                                             |
+-----------------------------------------------------------------------------------------+
⚡ TEST MODE: 1 input size, 2 iterations
✓ Power monitoring initialized (current: 54.08W)
======================================================================
UNIFIED PROFILER: RESNET152 + GUESS
======================================================================

Configuration:
  Model: resnet152
  Algorithm: guess
  Batch size: 1
  Input sizes: 1 (224 to 224)
  Warmup iterations: 1
  Measurement iterations: 2

Loading resnet152...
✓ resnet152 loaded
Applying ai3 'guess' algorithm conversion...
✓ Conversion completed:
  Total Conv2D layers: 155
  AI3 converted layers: 155
  Conversion rate: 100.0%

✓ CUDA available: Tesla V100-SXM2-32GB
  cuDNN version: 90600

======================================================================
STARTING PROFILING
======================================================================

[1/1] Input size: 224x224
  ✓ Input tensor: (1, 3, 224, 224)
  ✓ Time: 256.98ms ± 0.86ms
  ✓ Power: 56.71W (trapezoidal, 6 samples)
  ✓ Energy: 13.4750J per inference
  Top 3 slowest layers:
    layer4.0.conv2: 3.34ms (1.3%)
    layer4.2.conv2: 3.25ms (1.3%)
    layer4.1.conv2: 3.24ms (1.3%)

✓ Overall results: results/1_sanity/resnet152_guess_v100/resnet152_guess_overall.csv
✓ Layer results: results/1_sanity/resnet152_guess_v100/resnet152_guess_layers.csv

======================================================================
PROFILING COMPLETED
======================================================================
  ✓ 1 input sizes profiled
  ✓ 155 layer measurements
  ✓ Results saved to: results/1_sanity/resnet152_guess_v100
==========================================
End Time: Wed Feb  4 12:50:02 EST 2026
Exit Code: 0
==========================================
