==========================================
Job ID: 3113467
Node: gput072
Model: resnet50
Algorithm: implicit gemm
GPU Constraint: gpu2h100
Start Time: Wed Feb  4 13:29:49 EST 2026
==========================================
Wed Feb  4 13:29:49 2026       
+-----------------------------------------------------------------------------------------+
| NVIDIA-SMI 570.158.01             Driver Version: 570.158.01     CUDA Version: 12.8     |
|-----------------------------------------+------------------------+----------------------+
| GPU  Name                 Persistence-M | Bus-Id          Disp.A | Volatile Uncorr. ECC |
| Fan  Temp   Perf          Pwr:Usage/Cap |           Memory-Usage | GPU-Util  Compute M. |
|                                         |                        |               MIG M. |
|=========================================+========================+======================|
|   0  NVIDIA H100 NVL                On  |   00000000:E4:00.0 Off |                    0 |
| N/A   29C    P0             61W /  400W |       0MiB /  95830MiB |      0%      Default |
|                                         |                        |             Disabled |
+-----------------------------------------+------------------------+----------------------+
                                                                                         
+-----------------------------------------------------------------------------------------+
| Processes:                                                                              |
|  GPU   GI   CI              PID   Type   Process name                        GPU Memory |
|        ID   ID                                                               Usage      |
|=========================================================================================|
|  No running processes found                                                             |
+-----------------------------------------------------------------------------------------+
⚡ TEST MODE: 1 input size, 2 iterations
✓ Power monitoring initialized (current: 65.11W)
======================================================================
UNIFIED PROFILER: RESNET50 + IMPLICIT GEMM
======================================================================

Configuration:
  Model: resnet50
  Algorithm: implicit gemm
  Batch size: 1
  Input sizes: 1 (224 to 224)
  Warmup iterations: 1
  Measurement iterations: 2

Loading resnet50...
✓ resnet50 loaded
Applying ai3 'implicit gemm' algorithm conversion...
✓ Conversion completed:
  Total Conv2D layers: 53
  AI3 converted layers: 53
  Conversion rate: 100.0%

✓ CUDA available: NVIDIA H100 NVL
  cuDNN version: 90600

======================================================================
STARTING PROFILING
======================================================================

[1/1] Input size: 224x224
  ✓ Input tensor: (1, 3, 224, 224)
  ✓ Time: 71.40ms ± 0.64ms
  ✓ Power: 80.34W (trapezoidal, 5 samples)
  ✓ Energy: 3.0184J per inference
  Top 3 slowest layers:
    layer4.1.conv2: 1.83ms (2.6%)
    layer4.2.conv2: 1.82ms (2.5%)
    layer4.0.conv2: 1.73ms (2.4%)

✓ Overall results: results/1_sanity/resnet50_implicit_gemm_h100/resnet50_implicit_gemm_overall.csv
✓ Layer results: results/1_sanity/resnet50_implicit_gemm_h100/resnet50_implicit_gemm_layers.csv

======================================================================
PROFILING COMPLETED
======================================================================
  ✓ 1 input sizes profiled
  ✓ 53 layer measurements
  ✓ Results saved to: results/1_sanity/resnet50_implicit_gemm_h100
==========================================
End Time: Wed Feb  4 13:30:01 EST 2026
Exit Code: 0
==========================================
