==========================================
Job ID: 3113388
Node: gput063
Model: densenet121
Algorithm: fft tiling
GPU Constraint: gpul40s
Start Time: Wed Feb  4 12:18:44 EST 2026
==========================================
Wed Feb  4 12:18:45 2026       
+-----------------------------------------------------------------------------------------+
| NVIDIA-SMI 570.158.01             Driver Version: 570.158.01     CUDA Version: 12.8     |
|-----------------------------------------+------------------------+----------------------+
| GPU  Name                 Persistence-M | Bus-Id          Disp.A | Volatile Uncorr. ECC |
| Fan  Temp   Perf          Pwr:Usage/Cap |           Memory-Usage | GPU-Util  Compute M. |
|                                         |                        |               MIG M. |
|=========================================+========================+======================|
|   0  NVIDIA L40S                    On  |   00000000:C9:00.0 Off |                    0 |
| N/A   25C    P8             31W /  350W |       0MiB /  46068MiB |      0%      Default |
|                                         |                        |                  N/A |
+-----------------------------------------+------------------------+----------------------+
                                                                                         
+-----------------------------------------------------------------------------------------+
| Processes:                                                                              |
|  GPU   GI   CI              PID   Type   Process name                        GPU Memory |
|        ID   ID                                                               Usage      |
|=========================================================================================|
|  No running processes found                                                             |
+-----------------------------------------------------------------------------------------+
⚡ TEST MODE: 1 input size, 2 iterations
✓ Power monitoring initialized (current: 31.92W)
======================================================================
UNIFIED PROFILER: DENSENET121 + FFT TILING
======================================================================

Configuration:
  Model: densenet121
  Algorithm: fft tiling
  Batch size: 1
  Input sizes: 1 (224 to 224)
  Warmup iterations: 1
  Measurement iterations: 2

Loading densenet121...
✓ densenet121 loaded
Applying ai3 'fft tiling' algorithm conversion...
✓ Conversion completed:
  Total Conv2D layers: 120
  AI3 converted layers: 120
  Conversion rate: 100.0%

✓ CUDA available: NVIDIA L40S
  cuDNN version: 90600

======================================================================
STARTING PROFILING
======================================================================

[1/1] Input size: 224x224
  ✓ Input tensor: (1, 3, 224, 224)
  ✓ Time: 251.37ms ± 152.88ms
  ✓ Power: 52.76W (trapezoidal, 7 samples)
  ✓ Energy: 11.8139J per inference
  Top 3 slowest layers:
    features.transition3.conv: 2.04ms (0.8%)
    features.conv0: 1.39ms (0.6%)
    features.transition1.conv: 1.31ms (0.5%)

✓ Overall results: results/1_sanity/densenet121_fft_tiling_l40s/densenet121_fft_tiling_overall.csv
✓ Layer results: results/1_sanity/densenet121_fft_tiling_l40s/densenet121_fft_tiling_layers.csv

======================================================================
PROFILING COMPLETED
======================================================================
  ✓ 1 input sizes profiled
  ✓ 120 layer measurements
  ✓ Results saved to: results/1_sanity/densenet121_fft_tiling_l40s
==========================================
End Time: Wed Feb  4 12:18:51 EST 2026
Exit Code: 0
==========================================
