==========================================
Job ID: 3113379
Node: gput063
Model: densenet121
Algorithm: implicit gemm
GPU Constraint: gpul40s
Start Time: Wed Feb  4 12:12:44 EST 2026
==========================================
Wed Feb  4 12:12:44 2026       
+-----------------------------------------------------------------------------------------+
| NVIDIA-SMI 570.158.01             Driver Version: 570.158.01     CUDA Version: 12.8     |
|-----------------------------------------+------------------------+----------------------+
| GPU  Name                 Persistence-M | Bus-Id          Disp.A | Volatile Uncorr. ECC |
| Fan  Temp   Perf          Pwr:Usage/Cap |           Memory-Usage | GPU-Util  Compute M. |
|                                         |                        |               MIG M. |
|=========================================+========================+======================|
|   0  NVIDIA L40S                    On  |   00000000:C9:00.0 Off |                    0 |
| N/A   25C    P8             31W /  350W |       0MiB /  46068MiB |      0%      Default |
|                                         |                        |                  N/A |
+-----------------------------------------+------------------------+----------------------+
                                                                                         
+-----------------------------------------------------------------------------------------+
| Processes:                                                                              |
|  GPU   GI   CI              PID   Type   Process name                        GPU Memory |
|        ID   ID                                                               Usage      |
|=========================================================================================|
|  No running processes found                                                             |
+-----------------------------------------------------------------------------------------+
⚡ TEST MODE: 1 input size, 2 iterations
✓ Power monitoring initialized (current: 35.26W)
======================================================================
UNIFIED PROFILER: DENSENET121 + IMPLICIT GEMM
======================================================================

Configuration:
  Model: densenet121
  Algorithm: implicit gemm
  Batch size: 1
  Input sizes: 1 (224 to 224)
  Warmup iterations: 1
  Measurement iterations: 2

Loading densenet121...
✓ densenet121 loaded
Applying ai3 'implicit gemm' algorithm conversion...
✓ Conversion completed:
  Total Conv2D layers: 120
  AI3 converted layers: 120
  Conversion rate: 100.0%

✓ CUDA available: NVIDIA L40S
  cuDNN version: 90600

======================================================================
STARTING PROFILING
======================================================================

[1/1] Input size: 224x224
  ✓ Input tensor: (1, 3, 224, 224)
  ✓ Time: 101.29ms ± 3.63ms
  ✓ Power: 69.80W (trapezoidal, 2 samples)
  ✓ Energy: 3.6732J per inference
  Top 3 slowest layers:
    features.transition1.conv: 1.44ms (1.4%)
    features.transition2.conv: 1.23ms (1.2%)
    features.transition3.conv: 1.21ms (1.2%)

✓ Overall results: results/1_sanity/densenet121_implicit_gemm_l40s/densenet121_implicit_gemm_overall.csv
✓ Layer results: results/1_sanity/densenet121_implicit_gemm_l40s/densenet121_implicit_gemm_layers.csv

======================================================================
PROFILING COMPLETED
======================================================================
  ✓ 1 input sizes profiled
  ✓ 120 layer measurements
  ✓ Results saved to: results/1_sanity/densenet121_implicit_gemm_l40s
==========================================
End Time: Wed Feb  4 12:12:51 EST 2026
Exit Code: 0
==========================================
