==========================================
Job ID: 3113359
Node: gput072
Model: vgg16
Algorithm: fft
GPU Constraint: gpu2h100
Start Time: Wed Feb  4 12:49:46 EST 2026
==========================================
Wed Feb  4 12:49:46 2026       
+-----------------------------------------------------------------------------------------+
| NVIDIA-SMI 570.158.01             Driver Version: 570.158.01     CUDA Version: 12.8     |
|-----------------------------------------+------------------------+----------------------+
| GPU  Name                 Persistence-M | Bus-Id          Disp.A | Volatile Uncorr. ECC |
| Fan  Temp   Perf          Pwr:Usage/Cap |           Memory-Usage | GPU-Util  Compute M. |
|                                         |                        |               MIG M. |
|=========================================+========================+======================|
|   0  NVIDIA H100 NVL                On  |   00000000:E4:00.0 Off |                    0 |
| N/A   33C    P0             63W /  400W |       0MiB /  95830MiB |      0%      Default |
|                                         |                        |             Disabled |
+-----------------------------------------+------------------------+----------------------+
                                                                                         
+-----------------------------------------------------------------------------------------+
| Processes:                                                                              |
|  GPU   GI   CI              PID   Type   Process name                        GPU Memory |
|        ID   ID                                                               Usage      |
|=========================================================================================|
|  No running processes found                                                             |
+-----------------------------------------------------------------------------------------+
⚡ TEST MODE: 1 input size, 2 iterations
✓ Power monitoring initialized (current: 64.49W)
======================================================================
UNIFIED PROFILER: VGG16 + FFT
======================================================================

Configuration:
  Model: vgg16
  Algorithm: fft
  Batch size: 1
  Input sizes: 1 (224 to 224)
  Warmup iterations: 1
  Measurement iterations: 2

Loading vgg16...
✓ vgg16 loaded
Applying ai3 'fft' algorithm conversion...
✓ Conversion completed:
  Total Conv2D layers: 13
  AI3 converted layers: 13
  Conversion rate: 100.0%

✓ CUDA available: NVIDIA H100 NVL
  cuDNN version: 90600

======================================================================
STARTING PROFILING
======================================================================

[1/1] Input size: 224x224
  ✓ Input tensor: (1, 3, 224, 224)
  ✓ Time: 105.23ms ± 0.58ms
  ✓ Power: 100.98W (trapezoidal, 23 samples)
  ✓ Energy: 10.2864J per inference
  Top 3 slowest layers:
    features.14: 11.41ms (10.8%)
    features.12: 9.09ms (8.6%)
    features.10: 8.65ms (8.2%)

✓ Overall results: results/1_sanity/vgg16_fft_h100/vgg16_fft_overall.csv
✓ Layer results: results/1_sanity/vgg16_fft_h100/vgg16_fft_layers.csv

======================================================================
PROFILING COMPLETED
======================================================================
  ✓ 1 input sizes profiled
  ✓ 13 layer measurements
  ✓ Results saved to: results/1_sanity/vgg16_fft_h100
==========================================
End Time: Wed Feb  4 12:50:02 EST 2026
Exit Code: 0
==========================================
