==========================================
Job ID: 3113363
Node: gput055
Model: vgg16
Algorithm: fft tiling
GPU Constraint: gpu4v100
Start Time: Wed Feb  4 12:01:43 EST 2026
==========================================
Wed Feb  4 12:01:43 2026       
+-----------------------------------------------------------------------------------------+
| NVIDIA-SMI 570.158.01             Driver Version: 570.158.01     CUDA Version: 12.8     |
|-----------------------------------------+------------------------+----------------------+
| GPU  Name                 Persistence-M | Bus-Id          Disp.A | Volatile Uncorr. ECC |
| Fan  Temp   Perf          Pwr:Usage/Cap |           Memory-Usage | GPU-Util  Compute M. |
|                                         |                        |               MIG M. |
|=========================================+========================+======================|
|   0  Tesla V100-SXM2-32GB           On  |   00000000:86:00.0 Off |                    0 |
| N/A   36C    P0             39W /  300W |       0MiB /  32768MiB |      0%      Default |
|                                         |                        |                  N/A |
+-----------------------------------------+------------------------+----------------------+
                                                                                         
+-----------------------------------------------------------------------------------------+
| Processes:                                                                              |
|  GPU   GI   CI              PID   Type   Process name                        GPU Memory |
|        ID   ID                                                               Usage      |
|=========================================================================================|
|  No running processes found                                                             |
+-----------------------------------------------------------------------------------------+
⚡ TEST MODE: 1 input size, 2 iterations
✓ Power monitoring initialized (current: 54.11W)
======================================================================
UNIFIED PROFILER: VGG16 + FFT TILING
======================================================================

Configuration:
  Model: vgg16
  Algorithm: fft tiling
  Batch size: 1
  Input sizes: 1 (224 to 224)
  Warmup iterations: 1
  Measurement iterations: 2

Loading vgg16...
✓ vgg16 loaded
Applying ai3 'fft tiling' algorithm conversion...
✓ Conversion completed:
  Total Conv2D layers: 13
  AI3 converted layers: 13
  Conversion rate: 100.0%

✓ CUDA available: Tesla V100-SXM2-32GB
  cuDNN version: 90600

======================================================================
STARTING PROFILING
======================================================================

[1/1] Input size: 224x224
  ✓ Input tensor: (1, 3, 224, 224)
  ✓ Time: 157.83ms ± 6.81ms
  ✓ Power: 85.61W (trapezoidal, 41 samples)
  ✓ Energy: 14.1799J per inference
  Top 3 slowest layers:
    features.2: 16.20ms (10.3%)
    features.19: 13.08ms (8.3%)
    features.21: 12.41ms (7.9%)

✓ Overall results: results/1_sanity/vgg16_fft_tiling_v100/vgg16_fft_tiling_overall.csv
✓ Layer results: results/1_sanity/vgg16_fft_tiling_v100/vgg16_fft_tiling_layers.csv

======================================================================
PROFILING COMPLETED
======================================================================
  ✓ 1 input sizes profiled
  ✓ 13 layer measurements
  ✓ Results saved to: results/1_sanity/vgg16_fft_tiling_v100
==========================================
End Time: Wed Feb  4 12:02:03 EST 2026
Exit Code: 0
==========================================
