==========================================
Job ID: 3113368
Node: gput072
Model: vgg16
Algorithm: winograd nonfused
GPU Constraint: gpu2h100
Start Time: Wed Feb  4 12:52:46 EST 2026
==========================================
Wed Feb  4 12:52:46 2026       
+-----------------------------------------------------------------------------------------+
| NVIDIA-SMI 570.158.01             Driver Version: 570.158.01     CUDA Version: 12.8     |
|-----------------------------------------+------------------------+----------------------+
| GPU  Name                 Persistence-M | Bus-Id          Disp.A | Volatile Uncorr. ECC |
| Fan  Temp   Perf          Pwr:Usage/Cap |           Memory-Usage | GPU-Util  Compute M. |
|                                         |                        |               MIG M. |
|=========================================+========================+======================|
|   0  NVIDIA H100 NVL                On  |   00000000:E4:00.0 Off |                    0 |
| N/A   30C    P0             61W /  400W |       0MiB /  95830MiB |      0%      Default |
|                                         |                        |             Disabled |
+-----------------------------------------+------------------------+----------------------+
                                                                                         
+-----------------------------------------------------------------------------------------+
| Processes:                                                                              |
|  GPU   GI   CI              PID   Type   Process name                        GPU Memory |
|        ID   ID                                                               Usage      |
|=========================================================================================|
|  No running processes found                                                             |
+-----------------------------------------------------------------------------------------+
⚡ TEST MODE: 1 input size, 2 iterations
✓ Power monitoring initialized (current: 64.43W)
======================================================================
UNIFIED PROFILER: VGG16 + WINOGRAD NONFUSED
======================================================================

Configuration:
  Model: vgg16
  Algorithm: winograd nonfused
  Batch size: 1
  Input sizes: 1 (224 to 224)
  Warmup iterations: 1
  Measurement iterations: 2

Loading vgg16...
✓ vgg16 loaded
Applying ai3 'winograd nonfused' algorithm conversion...
✓ Conversion completed:
  Total Conv2D layers: 13
  AI3 converted layers: 13
  Conversion rate: 100.0%

✓ CUDA available: NVIDIA H100 NVL
  cuDNN version: 90600

======================================================================
STARTING PROFILING
======================================================================

[1/1] Input size: 224x224
  ✓ Input tensor: (1, 3, 224, 224)
  ✓ Time: 54.54ms ± 0.66ms
  ✓ Power: 90.99W (trapezoidal, 7 samples)
  ✓ Energy: 4.9746J per inference
  Top 3 slowest layers:
    features.2: 4.20ms (7.7%)
    features.0: 2.78ms (5.1%)
    features.7: 2.73ms (5.0%)

✓ Overall results: results/1_sanity/vgg16_winograd_nonfused_h100/vgg16_winograd_nonfused_overall.csv
✓ Layer results: results/1_sanity/vgg16_winograd_nonfused_h100/vgg16_winograd_nonfused_layers.csv

======================================================================
PROFILING COMPLETED
======================================================================
  ✓ 1 input sizes profiled
  ✓ 13 layer measurements
  ✓ Results saved to: results/1_sanity/vgg16_winograd_nonfused_h100
==========================================
End Time: Wed Feb  4 12:52:58 EST 2026
Exit Code: 0
==========================================
