==========================================
Job ID: 3113372
Node: gput055
Model: vgg16
Algorithm: guess
GPU Constraint: gpu4v100
Start Time: Wed Feb  4 12:07:44 EST 2026
==========================================
Wed Feb  4 12:07:44 2026       
+-----------------------------------------------------------------------------------------+
| NVIDIA-SMI 570.158.01             Driver Version: 570.158.01     CUDA Version: 12.8     |
|-----------------------------------------+------------------------+----------------------+
| GPU  Name                 Persistence-M | Bus-Id          Disp.A | Volatile Uncorr. ECC |
| Fan  Temp   Perf          Pwr:Usage/Cap |           Memory-Usage | GPU-Util  Compute M. |
|                                         |                        |               MIG M. |
|=========================================+========================+======================|
|   0  Tesla V100-SXM2-32GB           On  |   00000000:86:00.0 Off |                    0 |
| N/A   36C    P0             39W /  300W |       0MiB /  32768MiB |      0%      Default |
|                                         |                        |                  N/A |
+-----------------------------------------+------------------------+----------------------+
                                                                                         
+-----------------------------------------------------------------------------------------+
| Processes:                                                                              |
|  GPU   GI   CI              PID   Type   Process name                        GPU Memory |
|        ID   ID                                                               Usage      |
|=========================================================================================|
|  No running processes found                                                             |
+-----------------------------------------------------------------------------------------+
⚡ TEST MODE: 1 input size, 2 iterations
✓ Power monitoring initialized (current: 54.60W)
======================================================================
UNIFIED PROFILER: VGG16 + GUESS
======================================================================

Configuration:
  Model: vgg16
  Algorithm: guess
  Batch size: 1
  Input sizes: 1 (224 to 224)
  Warmup iterations: 1
  Measurement iterations: 2

Loading vgg16...
✓ vgg16 loaded
Applying ai3 'guess' algorithm conversion...
✓ Conversion completed:
  Total Conv2D layers: 13
  AI3 converted layers: 13
  Conversion rate: 100.0%

✓ CUDA available: Tesla V100-SXM2-32GB
  cuDNN version: 90600

======================================================================
STARTING PROFILING
======================================================================

[1/1] Input size: 224x224
  ✓ Input tensor: (1, 3, 224, 224)
  ✓ Time: 78.21ms ± 2.31ms
  ✓ Power: 58.92W (trapezoidal, 16 samples)
  ✓ Energy: 4.6588J per inference
  Top 3 slowest layers:
    features.2: 7.50ms (9.6%)
    features.21: 4.62ms (5.9%)
    features.7: 4.46ms (5.7%)

✓ Overall results: results/1_sanity/vgg16_guess_v100/vgg16_guess_overall.csv
✓ Layer results: results/1_sanity/vgg16_guess_v100/vgg16_guess_layers.csv

======================================================================
PROFILING COMPLETED
======================================================================
  ✓ 1 input sizes profiled
  ✓ 13 layer measurements
  ✓ Results saved to: results/1_sanity/vgg16_guess_v100
==========================================
End Time: Wed Feb  4 12:07:59 EST 2026
Exit Code: 0
==========================================
