==========================================
Job ID: 3113435
Node: gput063
Model: googlenet
Algorithm: guess
GPU Constraint: gpul40s
Start Time: Wed Feb  4 13:02:47 EST 2026
==========================================
Wed Feb  4 13:02:47 2026       
+-----------------------------------------------------------------------------------------+
| NVIDIA-SMI 570.158.01             Driver Version: 570.158.01     CUDA Version: 12.8     |
|-----------------------------------------+------------------------+----------------------+
| GPU  Name                 Persistence-M | Bus-Id          Disp.A | Volatile Uncorr. ECC |
| Fan  Temp   Perf          Pwr:Usage/Cap |           Memory-Usage | GPU-Util  Compute M. |
|                                         |                        |               MIG M. |
|=========================================+========================+======================|
|   0  NVIDIA L40S                    On  |   00000000:C9:00.0 Off |                    0 |
| N/A   25C    P8             31W /  350W |       0MiB /  46068MiB |      0%      Default |
|                                         |                        |                  N/A |
+-----------------------------------------+------------------------+----------------------+
                                                                                         
+-----------------------------------------------------------------------------------------+
| Processes:                                                                              |
|  GPU   GI   CI              PID   Type   Process name                        GPU Memory |
|        ID   ID                                                               Usage      |
|=========================================================================================|
|  No running processes found                                                             |
+-----------------------------------------------------------------------------------------+
⚡ TEST MODE: 1 input size, 2 iterations
✓ Power monitoring initialized (current: 35.00W)
======================================================================
UNIFIED PROFILER: GOOGLENET + GUESS
======================================================================

Configuration:
  Model: googlenet
  Algorithm: guess
  Batch size: 1
  Input sizes: 1 (224 to 224)
  Warmup iterations: 1
  Measurement iterations: 2

Loading googlenet...
✓ googlenet loaded
Applying ai3 'guess' algorithm conversion...
✓ Conversion completed:
  Total Conv2D layers: 57
  AI3 converted layers: 57
  Conversion rate: 100.0%

✓ CUDA available: NVIDIA L40S
  cuDNN version: 90600

======================================================================
STARTING PROFILING
======================================================================

[1/1] Input size: 224x224
  ✓ Input tensor: (1, 3, 224, 224)
  ✓ Time: 50.14ms ± 0.61ms
  ✓ Power: 47.28W (trapezoidal, 4 samples)
  ✓ Energy: 1.8218J per inference
  Top 3 slowest layers:
    conv3.conv: 1.39ms (2.8%)
    inception5b.branch2.1.conv: 1.17ms (2.3%)
    inception4e.branch2.1.conv: 1.11ms (2.2%)

✓ Overall results: results/1_sanity/googlenet_guess_l40s/googlenet_guess_overall.csv
✓ Layer results: results/1_sanity/googlenet_guess_l40s/googlenet_guess_layers.csv

======================================================================
PROFILING COMPLETED
======================================================================
  ✓ 1 input sizes profiled
  ✓ 57 layer measurements
  ✓ Results saved to: results/1_sanity/googlenet_guess_l40s
==========================================
End Time: Wed Feb  4 13:02:54 EST 2026
Exit Code: 0
==========================================
