==========================================
Job ID: 3113459
Node: gput055
Model: alexnet
Algorithm: guess
GPU Constraint: gpu4v100
Start Time: Wed Feb  4 13:12:48 EST 2026
==========================================
Wed Feb  4 13:12:48 2026       
+-----------------------------------------------------------------------------------------+
| NVIDIA-SMI 570.158.01             Driver Version: 570.158.01     CUDA Version: 12.8     |
|-----------------------------------------+------------------------+----------------------+
| GPU  Name                 Persistence-M | Bus-Id          Disp.A | Volatile Uncorr. ECC |
| Fan  Temp   Perf          Pwr:Usage/Cap |           Memory-Usage | GPU-Util  Compute M. |
|                                         |                        |               MIG M. |
|=========================================+========================+======================|
|   0  Tesla V100-SXM2-32GB           On  |   00000000:86:00.0 Off |                    0 |
| N/A   36C    P0             39W /  300W |       0MiB /  32768MiB |      0%      Default |
|                                         |                        |                  N/A |
+-----------------------------------------+------------------------+----------------------+
                                                                                         
+-----------------------------------------------------------------------------------------+
| Processes:                                                                              |
|  GPU   GI   CI              PID   Type   Process name                        GPU Memory |
|        ID   ID                                                               Usage      |
|=========================================================================================|
|  No running processes found                                                             |
+-----------------------------------------------------------------------------------------+
⚡ TEST MODE: 1 input size, 2 iterations
✓ Power monitoring initialized (current: 54.49W)
======================================================================
UNIFIED PROFILER: ALEXNET + GUESS
======================================================================

Configuration:
  Model: alexnet
  Algorithm: guess
  Batch size: 1
  Input sizes: 1 (224 to 224)
  Warmup iterations: 1
  Measurement iterations: 2

Loading alexnet...
✓ alexnet loaded
Applying ai3 'guess' algorithm conversion...
✓ Conversion completed:
  Total Conv2D layers: 5
  AI3 converted layers: 5
  Conversion rate: 100.0%

✓ CUDA available: Tesla V100-SXM2-32GB
  cuDNN version: 90600

======================================================================
STARTING PROFILING
======================================================================

[1/1] Input size: 224x224
  ✓ Input tensor: (1, 3, 224, 224)
  ✓ Time: 15.34ms ± 0.22ms
  ✓ Power: 55.91W (trapezoidal, 4 samples)
  ✓ Energy: 0.7839J per inference
  Top 3 slowest layers:
    features.8: 2.04ms (13.3%)
    features.6: 1.82ms (11.8%)
    features.10: 1.72ms (11.2%)

✓ Overall results: results/1_sanity/alexnet_guess_v100/alexnet_guess_overall.csv
✓ Layer results: results/1_sanity/alexnet_guess_v100/alexnet_guess_layers.csv

======================================================================
PROFILING COMPLETED
======================================================================
  ✓ 1 input sizes profiled
  ✓ 5 layer measurements
  ✓ Results saved to: results/1_sanity/alexnet_guess_v100
==========================================
End Time: Wed Feb  4 13:13:01 EST 2026
Exit Code: 0
==========================================
