==========================================
Job ID: 3113464
Node: gput072
Model: resnet50
Algorithm: gemm
GPU Constraint: gpu2h100
Start Time: Wed Feb  4 13:28:48 EST 2026
==========================================
Wed Feb  4 13:28:48 2026       
+-----------------------------------------------------------------------------------------+
| NVIDIA-SMI 570.158.01             Driver Version: 570.158.01     CUDA Version: 12.8     |
|-----------------------------------------+------------------------+----------------------+
| GPU  Name                 Persistence-M | Bus-Id          Disp.A | Volatile Uncorr. ECC |
| Fan  Temp   Perf          Pwr:Usage/Cap |           Memory-Usage | GPU-Util  Compute M. |
|                                         |                        |               MIG M. |
|=========================================+========================+======================|
|   0  NVIDIA H100 NVL                On  |   00000000:E4:00.0 Off |                    0 |
| N/A   29C    P0             61W /  400W |       0MiB /  95830MiB |      0%      Default |
|                                         |                        |             Disabled |
+-----------------------------------------+------------------------+----------------------+
                                                                                         
+-----------------------------------------------------------------------------------------+
| Processes:                                                                              |
|  GPU   GI   CI              PID   Type   Process name                        GPU Memory |
|        ID   ID                                                               Usage      |
|=========================================================================================|
|  No running processes found                                                             |
+-----------------------------------------------------------------------------------------+
⚡ TEST MODE: 1 input size, 2 iterations
✓ Power monitoring initialized (current: 62.94W)
======================================================================
UNIFIED PROFILER: RESNET50 + GEMM
======================================================================

Configuration:
  Model: resnet50
  Algorithm: gemm
  Batch size: 1
  Input sizes: 1 (224 to 224)
  Warmup iterations: 1
  Measurement iterations: 2

Loading resnet50...
✓ resnet50 loaded
Applying ai3 'gemm' algorithm conversion...
✓ Conversion completed:
  Total Conv2D layers: 53
  AI3 converted layers: 53
  Conversion rate: 100.0%

✓ CUDA available: NVIDIA H100 NVL
  cuDNN version: 90600

======================================================================
STARTING PROFILING
======================================================================

[1/1] Input size: 224x224
  ✓ Input tensor: (1, 3, 224, 224)
  ✓ Time: 59.96ms ± 0.11ms
  ✓ Power: 79.29W (trapezoidal, 4 samples)
  ✓ Energy: 4.7782J per inference
  Top 3 slowest layers:
    layer4.0.conv2: 2.12ms (3.5%)
    layer4.2.conv2: 2.03ms (3.4%)
    layer4.1.conv2: 2.02ms (3.4%)

✓ Overall results: results/1_sanity/resnet50_gemm_h100/resnet50_gemm_overall.csv
✓ Layer results: results/1_sanity/resnet50_gemm_h100/resnet50_gemm_layers.csv

======================================================================
PROFILING COMPLETED
======================================================================
  ✓ 1 input sizes profiled
  ✓ 53 layer measurements
  ✓ Results saved to: results/1_sanity/resnet50_gemm_h100
==========================================
End Time: Wed Feb  4 13:29:00 EST 2026
Exit Code: 0
==========================================
