==========================================
Job ID: 3113390
Node: gput055
Model: densenet121
Algorithm: fft tiling
GPU Constraint: gpu4v100
Start Time: Wed Feb  4 12:19:45 EST 2026
==========================================
Wed Feb  4 12:19:45 2026       
+-----------------------------------------------------------------------------------------+
| NVIDIA-SMI 570.158.01             Driver Version: 570.158.01     CUDA Version: 12.8     |
|-----------------------------------------+------------------------+----------------------+
| GPU  Name                 Persistence-M | Bus-Id          Disp.A | Volatile Uncorr. ECC |
| Fan  Temp   Perf          Pwr:Usage/Cap |           Memory-Usage | GPU-Util  Compute M. |
|                                         |                        |               MIG M. |
|=========================================+========================+======================|
|   0  Tesla V100-SXM2-32GB           On  |   00000000:86:00.0 Off |                    0 |
| N/A   36C    P0             39W /  300W |       0MiB /  32768MiB |      0%      Default |
|                                         |                        |                  N/A |
+-----------------------------------------+------------------------+----------------------+
                                                                                         
+-----------------------------------------------------------------------------------------+
| Processes:                                                                              |
|  GPU   GI   CI              PID   Type   Process name                        GPU Memory |
|        ID   ID                                                               Usage      |
|=========================================================================================|
|  No running processes found                                                             |
+-----------------------------------------------------------------------------------------+
⚡ TEST MODE: 1 input size, 2 iterations
✓ Power monitoring initialized (current: 54.60W)
======================================================================
UNIFIED PROFILER: DENSENET121 + FFT TILING
======================================================================

Configuration:
  Model: densenet121
  Algorithm: fft tiling
  Batch size: 1
  Input sizes: 1 (224 to 224)
  Warmup iterations: 1
  Measurement iterations: 2

Loading densenet121...
✓ densenet121 loaded
Applying ai3 'fft tiling' algorithm conversion...
✓ Conversion completed:
  Total Conv2D layers: 120
  AI3 converted layers: 120
  Conversion rate: 100.0%

✓ CUDA available: Tesla V100-SXM2-32GB
  cuDNN version: 90600

======================================================================
STARTING PROFILING
======================================================================

[1/1] Input size: 224x224
  ✓ Input tensor: (1, 3, 224, 224)
  ✓ Time: 149.96ms ± 4.98ms
  ✓ Power: 64.26W (trapezoidal, 9 samples)
  ✓ Energy: 8.8639J per inference
  Top 3 slowest layers:
    features.denseblock1.denselayer4.conv1: 3.21ms (2.1%)
    features.conv0: 3.07ms (2.0%)
    features.transition3.conv: 2.08ms (1.4%)

✓ Overall results: results/1_sanity/densenet121_fft_tiling_v100/densenet121_fft_tiling_overall.csv
✓ Layer results: results/1_sanity/densenet121_fft_tiling_v100/densenet121_fft_tiling_layers.csv

======================================================================
PROFILING COMPLETED
======================================================================
  ✓ 1 input sizes profiled
  ✓ 120 layer measurements
  ✓ Results saved to: results/1_sanity/densenet121_fft_tiling_v100
==========================================
End Time: Wed Feb  4 12:20:00 EST 2026
Exit Code: 0
==========================================
