==========================================
Job ID: 3113353
Node: gput073
Model: vgg16
Algorithm: implicit gemm
GPU Constraint: gpu2h100
Start Time: Wed Feb  4 11:55:43 EST 2026
==========================================
Wed Feb  4 11:55:43 2026       
+-----------------------------------------------------------------------------------------+
| NVIDIA-SMI 570.158.01             Driver Version: 570.158.01     CUDA Version: 12.8     |
|-----------------------------------------+------------------------+----------------------+
| GPU  Name                 Persistence-M | Bus-Id          Disp.A | Volatile Uncorr. ECC |
| Fan  Temp   Perf          Pwr:Usage/Cap |           Memory-Usage | GPU-Util  Compute M. |
|                                         |                        |               MIG M. |
|=========================================+========================+======================|
|   0  NVIDIA H100 NVL                On  |   00000000:D1:00.0 Off |                    0 |
| N/A   27C    P0             60W /  400W |       0MiB /  95830MiB |      0%      Default |
|                                         |                        |             Disabled |
+-----------------------------------------+------------------------+----------------------+
                                                                                         
+-----------------------------------------------------------------------------------------+
| Processes:                                                                              |
|  GPU   GI   CI              PID   Type   Process name                        GPU Memory |
|        ID   ID                                                               Usage      |
|=========================================================================================|
|  No running processes found                                                             |
+-----------------------------------------------------------------------------------------+
⚡ TEST MODE: 1 input size, 2 iterations
✓ Power monitoring initialized (current: 62.64W)
======================================================================
UNIFIED PROFILER: VGG16 + IMPLICIT GEMM
======================================================================

Configuration:
  Model: vgg16
  Algorithm: implicit gemm
  Batch size: 1
  Input sizes: 1 (224 to 224)
  Warmup iterations: 1
  Measurement iterations: 2

Loading vgg16...
✓ vgg16 loaded
Applying ai3 'implicit gemm' algorithm conversion...
✓ Conversion completed:
  Total Conv2D layers: 13
  AI3 converted layers: 13
  Conversion rate: 100.0%

✓ CUDA available: NVIDIA H100 NVL
  cuDNN version: 90600

======================================================================
STARTING PROFILING
======================================================================

[1/1] Input size: 224x224
  ✓ Input tensor: (1, 3, 224, 224)
  ✓ Time: 54.12ms ± 2.90ms
  ✓ Power: 86.18W (trapezoidal, 10 samples)
  ✓ Energy: 4.6228J per inference
  Top 3 slowest layers:
    features.2: 3.40ms (6.3%)
    features.0: 2.32ms (4.3%)
    features.21: 2.28ms (4.2%)

✓ Overall results: results/1_sanity/vgg16_implicit_gemm_h100/vgg16_implicit_gemm_overall.csv
✓ Layer results: results/1_sanity/vgg16_implicit_gemm_h100/vgg16_implicit_gemm_layers.csv

======================================================================
PROFILING COMPLETED
======================================================================
  ✓ 1 input sizes profiled
  ✓ 13 layer measurements
  ✓ Results saved to: results/1_sanity/vgg16_implicit_gemm_h100
==========================================
End Time: Wed Feb  4 11:55:59 EST 2026
Exit Code: 0
==========================================
