==========================================
Job ID: 3113389
Node: gput072
Model: densenet121
Algorithm: fft tiling
GPU Constraint: gpu2h100
Start Time: Wed Feb  4 12:59:47 EST 2026
==========================================
Wed Feb  4 12:59:47 2026       
+-----------------------------------------------------------------------------------------+
| NVIDIA-SMI 570.158.01             Driver Version: 570.158.01     CUDA Version: 12.8     |
|-----------------------------------------+------------------------+----------------------+
| GPU  Name                 Persistence-M | Bus-Id          Disp.A | Volatile Uncorr. ECC |
| Fan  Temp   Perf          Pwr:Usage/Cap |           Memory-Usage | GPU-Util  Compute M. |
|                                         |                        |               MIG M. |
|=========================================+========================+======================|
|   0  NVIDIA H100 NVL                On  |   00000000:E4:00.0 Off |                    0 |
| N/A   29C    P0             61W /  400W |       0MiB /  95830MiB |      0%      Default |
|                                         |                        |             Disabled |
+-----------------------------------------+------------------------+----------------------+
                                                                                         
+-----------------------------------------------------------------------------------------+
| Processes:                                                                              |
|  GPU   GI   CI              PID   Type   Process name                        GPU Memory |
|        ID   ID                                                               Usage      |
|=========================================================================================|
|  No running processes found                                                             |
+-----------------------------------------------------------------------------------------+
⚡ TEST MODE: 1 input size, 2 iterations
✓ Power monitoring initialized (current: 64.51W)
======================================================================
UNIFIED PROFILER: DENSENET121 + FFT TILING
======================================================================

Configuration:
  Model: densenet121
  Algorithm: fft tiling
  Batch size: 1
  Input sizes: 1 (224 to 224)
  Warmup iterations: 1
  Measurement iterations: 2

Loading densenet121...
✓ densenet121 loaded
Applying ai3 'fft tiling' algorithm conversion...
✓ Conversion completed:
  Total Conv2D layers: 120
  AI3 converted layers: 120
  Conversion rate: 100.0%

✓ CUDA available: NVIDIA H100 NVL
  cuDNN version: 90600

======================================================================
STARTING PROFILING
======================================================================

[1/1] Input size: 224x224
  ✓ Input tensor: (1, 3, 224, 224)
  ✓ Time: 86.32ms ± 1.94ms
  ✓ Power: 76.91W (trapezoidal, 6 samples)
  ✓ Energy: 4.3961J per inference
  Top 3 slowest layers:
    features.conv0: 1.54ms (1.8%)
    features.transition3.conv: 1.04ms (1.2%)
    features.denseblock1.denselayer6.conv1: 1.02ms (1.2%)

✓ Overall results: results/1_sanity/densenet121_fft_tiling_h100/densenet121_fft_tiling_overall.csv
✓ Layer results: results/1_sanity/densenet121_fft_tiling_h100/densenet121_fft_tiling_layers.csv

======================================================================
PROFILING COMPLETED
======================================================================
  ✓ 1 input sizes profiled
  ✓ 120 layer measurements
  ✓ Results saved to: results/1_sanity/densenet121_fft_tiling_h100
==========================================
End Time: Wed Feb  4 13:00:00 EST 2026
Exit Code: 0
==========================================
