==========================================
Job ID: 3113427
Node: gput072
Model: googlenet
Algorithm: implicit precomp gemm
GPU Constraint: gpu2h100
Start Time: Wed Feb  4 13:13:48 EST 2026
==========================================
Wed Feb  4 13:13:48 2026       
+-----------------------------------------------------------------------------------------+
| NVIDIA-SMI 570.158.01             Driver Version: 570.158.01     CUDA Version: 12.8     |
|-----------------------------------------+------------------------+----------------------+
| GPU  Name                 Persistence-M | Bus-Id          Disp.A | Volatile Uncorr. ECC |
| Fan  Temp   Perf          Pwr:Usage/Cap |           Memory-Usage | GPU-Util  Compute M. |
|                                         |                        |               MIG M. |
|=========================================+========================+======================|
|   0  NVIDIA H100 NVL                On  |   00000000:E4:00.0 Off |                    0 |
| N/A   29C    P0             61W /  400W |       0MiB /  95830MiB |      0%      Default |
|                                         |                        |             Disabled |
+-----------------------------------------+------------------------+----------------------+
                                                                                         
+-----------------------------------------------------------------------------------------+
| Processes:                                                                              |
|  GPU   GI   CI              PID   Type   Process name                        GPU Memory |
|        ID   ID                                                               Usage      |
|=========================================================================================|
|  No running processes found                                                             |
+-----------------------------------------------------------------------------------------+
⚡ TEST MODE: 1 input size, 2 iterations
✓ Power monitoring initialized (current: 64.94W)
======================================================================
UNIFIED PROFILER: GOOGLENET + IMPLICIT PRECOMP GEMM
======================================================================

Configuration:
  Model: googlenet
  Algorithm: implicit precomp gemm
  Batch size: 1
  Input sizes: 1 (224 to 224)
  Warmup iterations: 1
  Measurement iterations: 2

Loading googlenet...
✓ googlenet loaded
Applying ai3 'implicit precomp gemm' algorithm conversion...
✓ Conversion completed:
  Total Conv2D layers: 57
  AI3 converted layers: 57
  Conversion rate: 100.0%

✓ CUDA available: NVIDIA H100 NVL
  cuDNN version: 90600

======================================================================
STARTING PROFILING
======================================================================

[1/1] Input size: 224x224
  ✓ Input tensor: (1, 3, 224, 224)
  ✓ Time: 48.61ms ± 0.95ms
  ✓ Power: 75.07W (trapezoidal, 4 samples)
  ✓ Energy: 3.2208J per inference
  Top 3 slowest layers:
    conv3.conv: 1.10ms (2.3%)
    conv1.conv: 0.97ms (2.0%)
    inception5b.branch2.1.conv: 0.90ms (1.9%)

✓ Overall results: results/1_sanity/googlenet_implicit_precomp_gemm_h100/googlenet_implicit_precomp_gemm_overall.csv
✓ Layer results: results/1_sanity/googlenet_implicit_precomp_gemm_h100/googlenet_implicit_precomp_gemm_layers.csv

======================================================================
PROFILING COMPLETED
======================================================================
  ✓ 1 input sizes profiled
  ✓ 57 layer measurements
  ✓ Results saved to: results/1_sanity/googlenet_implicit_precomp_gemm_h100
==========================================
End Time: Wed Feb  4 13:14:03 EST 2026
Exit Code: 0
==========================================
