==========================================
Job ID: 3113414
Node: gput063
Model: resnet152
Algorithm: guess
GPU Constraint: gpul40s
Start Time: Wed Feb  4 12:34:46 EST 2026
==========================================
Wed Feb  4 12:34:46 2026       
+-----------------------------------------------------------------------------------------+
| NVIDIA-SMI 570.158.01             Driver Version: 570.158.01     CUDA Version: 12.8     |
|-----------------------------------------+------------------------+----------------------+
| GPU  Name                 Persistence-M | Bus-Id          Disp.A | Volatile Uncorr. ECC |
| Fan  Temp   Perf          Pwr:Usage/Cap |           Memory-Usage | GPU-Util  Compute M. |
|                                         |                        |               MIG M. |
|=========================================+========================+======================|
|   0  NVIDIA L40S                    On  |   00000000:C9:00.0 Off |                    0 |
| N/A   25C    P8             31W /  350W |       0MiB /  46068MiB |      0%      Default |
|                                         |                        |                  N/A |
+-----------------------------------------+------------------------+----------------------+
                                                                                         
+-----------------------------------------------------------------------------------------+
| Processes:                                                                              |
|  GPU   GI   CI              PID   Type   Process name                        GPU Memory |
|        ID   ID                                                               Usage      |
|=========================================================================================|
|  No running processes found                                                             |
+-----------------------------------------------------------------------------------------+
⚡ TEST MODE: 1 input size, 2 iterations
✓ Power monitoring initialized (current: 32.24W)
======================================================================
UNIFIED PROFILER: RESNET152 + GUESS
======================================================================

Configuration:
  Model: resnet152
  Algorithm: guess
  Batch size: 1
  Input sizes: 1 (224 to 224)
  Warmup iterations: 1
  Measurement iterations: 2

Loading resnet152...
✓ resnet152 loaded
Applying ai3 'guess' algorithm conversion...
✓ Conversion completed:
  Total Conv2D layers: 155
  AI3 converted layers: 155
  Conversion rate: 100.0%

✓ CUDA available: NVIDIA L40S
  cuDNN version: 90600

======================================================================
STARTING PROFILING
======================================================================

[1/1] Input size: 224x224
  ✓ Input tensor: (1, 3, 224, 224)
  ✓ Time: 374.45ms ± 140.30ms
  ✓ Power: 79.00W (trapezoidal, 7 samples)
  ✓ Energy: 27.6266J per inference
  Top 3 slowest layers:
    layer3.26.conv3: 88.98ms (23.8%)
    layer3.25.conv2: 43.57ms (11.6%)
    layer3.24.conv2: 35.38ms (9.4%)

✓ Overall results: results/1_sanity/resnet152_guess_l40s/resnet152_guess_overall.csv
✓ Layer results: results/1_sanity/resnet152_guess_l40s/resnet152_guess_layers.csv

======================================================================
PROFILING COMPLETED
======================================================================
  ✓ 1 input sizes profiled
  ✓ 155 layer measurements
  ✓ Results saved to: results/1_sanity/resnet152_guess_l40s
==========================================
End Time: Wed Feb  4 12:34:54 EST 2026
Exit Code: 0
==========================================
