==========================================
Job ID: 3113400
Node: gput055
Model: resnet152
Algorithm: gemm
GPU Constraint: gpu4v100
Start Time: Wed Feb  4 12:25:45 EST 2026
==========================================
Wed Feb  4 12:25:45 2026       
+-----------------------------------------------------------------------------------------+
| NVIDIA-SMI 570.158.01             Driver Version: 570.158.01     CUDA Version: 12.8     |
|-----------------------------------------+------------------------+----------------------+
| GPU  Name                 Persistence-M | Bus-Id          Disp.A | Volatile Uncorr. ECC |
| Fan  Temp   Perf          Pwr:Usage/Cap |           Memory-Usage | GPU-Util  Compute M. |
|                                         |                        |               MIG M. |
|=========================================+========================+======================|
|   0  Tesla V100-SXM2-32GB           On  |   00000000:86:00.0 Off |                    0 |
| N/A   36C    P0             39W /  300W |       0MiB /  32768MiB |      0%      Default |
|                                         |                        |                  N/A |
+-----------------------------------------+------------------------+----------------------+
                                                                                         
+-----------------------------------------------------------------------------------------+
| Processes:                                                                              |
|  GPU   GI   CI              PID   Type   Process name                        GPU Memory |
|        ID   ID                                                               Usage      |
|=========================================================================================|
|  No running processes found                                                             |
+-----------------------------------------------------------------------------------------+
⚡ TEST MODE: 1 input size, 2 iterations
✓ Power monitoring initialized (current: 53.63W)
======================================================================
UNIFIED PROFILER: RESNET152 + GEMM
======================================================================

Configuration:
  Model: resnet152
  Algorithm: gemm
  Batch size: 1
  Input sizes: 1 (224 to 224)
  Warmup iterations: 1
  Measurement iterations: 2

Loading resnet152...
✓ resnet152 loaded
Applying ai3 'gemm' algorithm conversion...
✓ Conversion completed:
  Total Conv2D layers: 155
  AI3 converted layers: 155
  Conversion rate: 100.0%

✓ CUDA available: Tesla V100-SXM2-32GB
  cuDNN version: 90600

======================================================================
STARTING PROFILING
======================================================================

[1/1] Input size: 224x224
  ✓ Input tensor: (1, 3, 224, 224)
  ✓ Time: 227.63ms ± 0.60ms
  ✓ Power: 57.66W (trapezoidal, 5 samples)
  ✓ Energy: 7.0265J per inference
  Top 3 slowest layers:
    layer4.2.conv2: 4.12ms (1.8%)
    layer4.0.conv2: 3.09ms (1.4%)
    layer4.1.conv2: 3.00ms (1.3%)

✓ Overall results: results/1_sanity/resnet152_gemm_v100/resnet152_gemm_overall.csv
✓ Layer results: results/1_sanity/resnet152_gemm_v100/resnet152_gemm_layers.csv

======================================================================
PROFILING COMPLETED
======================================================================
  ✓ 1 input sizes profiled
  ✓ 155 layer measurements
  ✓ Results saved to: results/1_sanity/resnet152_gemm_v100
==========================================
End Time: Wed Feb  4 12:26:01 EST 2026
Exit Code: 0
==========================================
