==========================================
Job ID: 3113471
Node: gput055
Model: resnet50
Algorithm: implicit precomp gemm
GPU Constraint: gpu4v100
Start Time: Wed Feb  4 13:16:48 EST 2026
==========================================
Wed Feb  4 13:16:48 2026       
+-----------------------------------------------------------------------------------------+
| NVIDIA-SMI 570.158.01             Driver Version: 570.158.01     CUDA Version: 12.8     |
|-----------------------------------------+------------------------+----------------------+
| GPU  Name                 Persistence-M | Bus-Id          Disp.A | Volatile Uncorr. ECC |
| Fan  Temp   Perf          Pwr:Usage/Cap |           Memory-Usage | GPU-Util  Compute M. |
|                                         |                        |               MIG M. |
|=========================================+========================+======================|
|   0  Tesla V100-SXM2-32GB           On  |   00000000:86:00.0 Off |                    0 |
| N/A   36C    P0             39W /  300W |       0MiB /  32768MiB |      0%      Default |
|                                         |                        |                  N/A |
+-----------------------------------------+------------------------+----------------------+
                                                                                         
+-----------------------------------------------------------------------------------------+
| Processes:                                                                              |
|  GPU   GI   CI              PID   Type   Process name                        GPU Memory |
|        ID   ID                                                               Usage      |
|=========================================================================================|
|  No running processes found                                                             |
+-----------------------------------------------------------------------------------------+
⚡ TEST MODE: 1 input size, 2 iterations
✓ Power monitoring initialized (current: 54.60W)
======================================================================
UNIFIED PROFILER: RESNET50 + IMPLICIT PRECOMP GEMM
======================================================================

Configuration:
  Model: resnet50
  Algorithm: implicit precomp gemm
  Batch size: 1
  Input sizes: 1 (224 to 224)
  Warmup iterations: 1
  Measurement iterations: 2

Loading resnet50...
✓ resnet50 loaded
Applying ai3 'implicit precomp gemm' algorithm conversion...
✓ Conversion completed:
  Total Conv2D layers: 53
  AI3 converted layers: 53
  Conversion rate: 100.0%

✓ CUDA available: Tesla V100-SXM2-32GB
  cuDNN version: 90600

======================================================================
STARTING PROFILING
======================================================================

[1/1] Input size: 224x224
  ✓ Input tensor: (1, 3, 224, 224)
  ✓ Time: 96.92ms ± 2.85ms
  ✓ Power: 57.09W (trapezoidal, 5 samples)
  ✓ Energy: 4.5875J per inference
  Top 3 slowest layers:
    layer4.0.conv2: 3.24ms (3.3%)
    layer4.1.conv2: 3.18ms (3.3%)
    layer4.2.conv2: 3.17ms (3.3%)

✓ Overall results: results/1_sanity/resnet50_implicit_precomp_gemm_v100/resnet50_implicit_precomp_gemm_overall.csv
✓ Layer results: results/1_sanity/resnet50_implicit_precomp_gemm_v100/resnet50_implicit_precomp_gemm_layers.csv

======================================================================
PROFILING COMPLETED
======================================================================
  ✓ 1 input sizes profiled
  ✓ 53 layer measurements
  ✓ Results saved to: results/1_sanity/resnet50_implicit_precomp_gemm_v100
==========================================
End Time: Wed Feb  4 13:17:04 EST 2026
Exit Code: 0
==========================================
