==========================================
Job ID: 3113415
Node: gput072
Model: resnet152
Algorithm: guess
GPU Constraint: gpu2h100
Start Time: Wed Feb  4 13:07:47 EST 2026
==========================================
Wed Feb  4 13:07:47 2026       
+-----------------------------------------------------------------------------------------+
| NVIDIA-SMI 570.158.01             Driver Version: 570.158.01     CUDA Version: 12.8     |
|-----------------------------------------+------------------------+----------------------+
| GPU  Name                 Persistence-M | Bus-Id          Disp.A | Volatile Uncorr. ECC |
| Fan  Temp   Perf          Pwr:Usage/Cap |           Memory-Usage | GPU-Util  Compute M. |
|                                         |                        |               MIG M. |
|=========================================+========================+======================|
|   0  NVIDIA H100 NVL                On  |   00000000:E4:00.0 Off |                    0 |
| N/A   29C    P0             61W /  400W |       0MiB /  95830MiB |      0%      Default |
|                                         |                        |             Disabled |
+-----------------------------------------+------------------------+----------------------+
                                                                                         
+-----------------------------------------------------------------------------------------+
| Processes:                                                                              |
|  GPU   GI   CI              PID   Type   Process name                        GPU Memory |
|        ID   ID                                                               Usage      |
|=========================================================================================|
|  No running processes found                                                             |
+-----------------------------------------------------------------------------------------+
⚡ TEST MODE: 1 input size, 2 iterations
✓ Power monitoring initialized (current: 63.71W)
======================================================================
UNIFIED PROFILER: RESNET152 + GUESS
======================================================================

Configuration:
  Model: resnet152
  Algorithm: guess
  Batch size: 1
  Input sizes: 1 (224 to 224)
  Warmup iterations: 1
  Measurement iterations: 2

Loading resnet152...
✓ resnet152 loaded
Applying ai3 'guess' algorithm conversion...
✓ Conversion completed:
  Total Conv2D layers: 155
  AI3 converted layers: 155
  Conversion rate: 100.0%

✓ CUDA available: NVIDIA H100 NVL
  cuDNN version: 90600

======================================================================
STARTING PROFILING
======================================================================

[1/1] Input size: 224x224
  ✓ Input tensor: (1, 3, 224, 224)
  ✓ Time: 222.43ms ± 33.58ms
  ✓ Power: 89.76W (trapezoidal, 11 samples)
  ✓ Energy: 17.2815J per inference
  Top 3 slowest layers:
    conv1: 1.82ms (0.8%)
    layer4.1.conv2: 1.80ms (0.8%)
    layer4.2.conv2: 1.79ms (0.8%)

✓ Overall results: results/1_sanity/resnet152_guess_h100/resnet152_guess_overall.csv
✓ Layer results: results/1_sanity/resnet152_guess_h100/resnet152_guess_layers.csv

======================================================================
PROFILING COMPLETED
======================================================================
  ✓ 1 input sizes profiled
  ✓ 155 layer measurements
  ✓ Results saved to: results/1_sanity/resnet152_guess_h100
==========================================
End Time: Wed Feb  4 13:08:01 EST 2026
Exit Code: 0
==========================================
