==========================================
Job ID: 3113358
Node: gput063
Model: vgg16
Algorithm: fft
GPU Constraint: gpul40s
Start Time: Wed Feb  4 11:58:43 EST 2026
==========================================
Wed Feb  4 11:58:43 2026       
+-----------------------------------------------------------------------------------------+
| NVIDIA-SMI 570.158.01             Driver Version: 570.158.01     CUDA Version: 12.8     |
|-----------------------------------------+------------------------+----------------------+
| GPU  Name                 Persistence-M | Bus-Id          Disp.A | Volatile Uncorr. ECC |
| Fan  Temp   Perf          Pwr:Usage/Cap |           Memory-Usage | GPU-Util  Compute M. |
|                                         |                        |               MIG M. |
|=========================================+========================+======================|
|   0  NVIDIA L40S                    On  |   00000000:C9:00.0 Off |                    0 |
| N/A   25C    P8             31W /  350W |       0MiB /  46068MiB |      0%      Default |
|                                         |                        |                  N/A |
+-----------------------------------------+------------------------+----------------------+
                                                                                         
+-----------------------------------------------------------------------------------------+
| Processes:                                                                              |
|  GPU   GI   CI              PID   Type   Process name                        GPU Memory |
|        ID   ID                                                               Usage      |
|=========================================================================================|
|  No running processes found                                                             |
+-----------------------------------------------------------------------------------------+
⚡ TEST MODE: 1 input size, 2 iterations
✓ Power monitoring initialized (current: 37.03W)
======================================================================
UNIFIED PROFILER: VGG16 + FFT
======================================================================

Configuration:
  Model: vgg16
  Algorithm: fft
  Batch size: 1
  Input sizes: 1 (224 to 224)
  Warmup iterations: 1
  Measurement iterations: 2

Loading vgg16...
✓ vgg16 loaded
Applying ai3 'fft' algorithm conversion...
✓ Conversion completed:
  Total Conv2D layers: 13
  AI3 converted layers: 13
  Conversion rate: 100.0%

✓ CUDA available: NVIDIA L40S
  cuDNN version: 90600

======================================================================
STARTING PROFILING
======================================================================

[1/1] Input size: 224x224
  ✓ Input tensor: (1, 3, 224, 224)
  ✓ Time: 221.42ms ± 0.12ms
  ✓ Power: 106.76W (trapezoidal, 28 samples)
  ✓ Energy: 23.4312J per inference
  Top 3 slowest layers:
    features.2: 27.13ms (12.3%)
    features.24: 23.20ms (10.5%)
    features.7: 22.34ms (10.1%)

✓ Overall results: results/1_sanity/vgg16_fft_l40s/vgg16_fft_overall.csv
✓ Layer results: results/1_sanity/vgg16_fft_l40s/vgg16_fft_layers.csv

======================================================================
PROFILING COMPLETED
======================================================================
  ✓ 1 input sizes profiled
  ✓ 13 layer measurements
  ✓ Results saved to: results/1_sanity/vgg16_fft_l40s
==========================================
End Time: Wed Feb  4 11:58:51 EST 2026
Exit Code: 0
==========================================
