==========================================
Job ID: 3113445
Node: gput072
Model: alexnet
Algorithm: implicit gemm
GPU Constraint: gpu2h100
Start Time: Wed Feb  4 13:22:48 EST 2026
==========================================
Wed Feb  4 13:22:48 2026       
+-----------------------------------------------------------------------------------------+
| NVIDIA-SMI 570.158.01             Driver Version: 570.158.01     CUDA Version: 12.8     |
|-----------------------------------------+------------------------+----------------------+
| GPU  Name                 Persistence-M | Bus-Id          Disp.A | Volatile Uncorr. ECC |
| Fan  Temp   Perf          Pwr:Usage/Cap |           Memory-Usage | GPU-Util  Compute M. |
|                                         |                        |               MIG M. |
|=========================================+========================+======================|
|   0  NVIDIA H100 NVL                On  |   00000000:E4:00.0 Off |                    0 |
| N/A   29C    P0             61W /  400W |       0MiB /  95830MiB |      0%      Default |
|                                         |                        |             Disabled |
+-----------------------------------------+------------------------+----------------------+
                                                                                         
+-----------------------------------------------------------------------------------------+
| Processes:                                                                              |
|  GPU   GI   CI              PID   Type   Process name                        GPU Memory |
|        ID   ID                                                               Usage      |
|=========================================================================================|
|  No running processes found                                                             |
+-----------------------------------------------------------------------------------------+
⚡ TEST MODE: 1 input size, 2 iterations
✓ Power monitoring initialized (current: 64.26W)
======================================================================
UNIFIED PROFILER: ALEXNET + IMPLICIT GEMM
======================================================================

Configuration:
  Model: alexnet
  Algorithm: implicit gemm
  Batch size: 1
  Input sizes: 1 (224 to 224)
  Warmup iterations: 1
  Measurement iterations: 2

Loading alexnet...
✓ alexnet loaded
Applying ai3 'implicit gemm' algorithm conversion...
✓ Conversion completed:
  Total Conv2D layers: 5
  AI3 converted layers: 5
  Conversion rate: 100.0%

✓ CUDA available: NVIDIA H100 NVL
  cuDNN version: 90600

======================================================================
STARTING PROFILING
======================================================================

[1/1] Input size: 224x224
  ✓ Input tensor: (1, 3, 224, 224)
  ✓ Time: 12.68ms ± 0.25ms
  ✓ Power: 78.19W (trapezoidal, 4 samples)
  ✓ Energy: 1.0028J per inference
  Top 3 slowest layers:
    features.8: 1.20ms (9.4%)
    features.6: 1.16ms (9.2%)
    features.10: 1.02ms (8.1%)

✓ Overall results: results/1_sanity/alexnet_implicit_gemm_h100/alexnet_implicit_gemm_overall.csv
✓ Layer results: results/1_sanity/alexnet_implicit_gemm_h100/alexnet_implicit_gemm_layers.csv

======================================================================
PROFILING COMPLETED
======================================================================
  ✓ 1 input sizes profiled
  ✓ 5 layer measurements
  ✓ Results saved to: results/1_sanity/alexnet_implicit_gemm_h100
==========================================
End Time: Wed Feb  4 13:22:59 EST 2026
Exit Code: 0
==========================================
