==========================================
Job ID: 3113381
Node: gput055
Model: densenet121
Algorithm: implicit gemm
GPU Constraint: gpu4v100
Start Time: Wed Feb  4 12:13:44 EST 2026
==========================================
Wed Feb  4 12:13:44 2026       
+-----------------------------------------------------------------------------------------+
| NVIDIA-SMI 570.158.01             Driver Version: 570.158.01     CUDA Version: 12.8     |
|-----------------------------------------+------------------------+----------------------+
| GPU  Name                 Persistence-M | Bus-Id          Disp.A | Volatile Uncorr. ECC |
| Fan  Temp   Perf          Pwr:Usage/Cap |           Memory-Usage | GPU-Util  Compute M. |
|                                         |                        |               MIG M. |
|=========================================+========================+======================|
|   0  Tesla V100-SXM2-32GB           On  |   00000000:86:00.0 Off |                    0 |
| N/A   35C    P0             39W /  300W |       0MiB /  32768MiB |      0%      Default |
|                                         |                        |                  N/A |
+-----------------------------------------+------------------------+----------------------+
                                                                                         
+-----------------------------------------------------------------------------------------+
| Processes:                                                                              |
|  GPU   GI   CI              PID   Type   Process name                        GPU Memory |
|        ID   ID                                                               Usage      |
|=========================================================================================|
|  No running processes found                                                             |
+-----------------------------------------------------------------------------------------+
⚡ TEST MODE: 1 input size, 2 iterations
✓ Power monitoring initialized (current: 54.60W)
======================================================================
UNIFIED PROFILER: DENSENET121 + IMPLICIT GEMM
======================================================================

Configuration:
  Model: densenet121
  Algorithm: implicit gemm
  Batch size: 1
  Input sizes: 1 (224 to 224)
  Warmup iterations: 1
  Measurement iterations: 2

Loading densenet121...
✓ densenet121 loaded
Applying ai3 'implicit gemm' algorithm conversion...
✓ Conversion completed:
  Total Conv2D layers: 120
  AI3 converted layers: 120
  Conversion rate: 100.0%

✓ CUDA available: Tesla V100-SXM2-32GB
  cuDNN version: 90600

======================================================================
STARTING PROFILING
======================================================================

[1/1] Input size: 224x224
  ✓ Input tensor: (1, 3, 224, 224)
  ✓ Time: 141.82ms ± 1.24ms
  ✓ Power: 55.54W (trapezoidal, 5 samples)
  ✓ Energy: 6.5668J per inference
  Top 3 slowest layers:
    features.conv0: 2.60ms (1.8%)
    features.denseblock2.denselayer6.conv2: 2.19ms (1.5%)
    features.transition1.conv: 2.11ms (1.5%)

✓ Overall results: results/1_sanity/densenet121_implicit_gemm_v100/densenet121_implicit_gemm_overall.csv
✓ Layer results: results/1_sanity/densenet121_implicit_gemm_v100/densenet121_implicit_gemm_layers.csv

======================================================================
PROFILING COMPLETED
======================================================================
  ✓ 1 input sizes profiled
  ✓ 120 layer measurements
  ✓ Results saved to: results/1_sanity/densenet121_implicit_gemm_v100
==========================================
End Time: Wed Feb  4 12:14:02 EST 2026
Exit Code: 0
==========================================
