==========================================
Job ID: 3113469
Node: gput063
Model: resnet50
Algorithm: implicit precomp gemm
GPU Constraint: gpul40s
Start Time: Wed Feb  4 13:15:48 EST 2026
==========================================
Wed Feb  4 13:15:48 2026       
+-----------------------------------------------------------------------------------------+
| NVIDIA-SMI 570.158.01             Driver Version: 570.158.01     CUDA Version: 12.8     |
|-----------------------------------------+------------------------+----------------------+
| GPU  Name                 Persistence-M | Bus-Id          Disp.A | Volatile Uncorr. ECC |
| Fan  Temp   Perf          Pwr:Usage/Cap |           Memory-Usage | GPU-Util  Compute M. |
|                                         |                        |               MIG M. |
|=========================================+========================+======================|
|   0  NVIDIA L40S                    On  |   00000000:C9:00.0 Off |                    0 |
| N/A   24C    P8             31W /  350W |       0MiB /  46068MiB |      0%      Default |
|                                         |                        |                  N/A |
+-----------------------------------------+------------------------+----------------------+
                                                                                         
+-----------------------------------------------------------------------------------------+
| Processes:                                                                              |
|  GPU   GI   CI              PID   Type   Process name                        GPU Memory |
|        ID   ID                                                               Usage      |
|=========================================================================================|
|  No running processes found                                                             |
+-----------------------------------------------------------------------------------------+
⚡ TEST MODE: 1 input size, 2 iterations
✓ Power monitoring initialized (current: 37.64W)
======================================================================
UNIFIED PROFILER: RESNET50 + IMPLICIT PRECOMP GEMM
======================================================================

Configuration:
  Model: resnet50
  Algorithm: implicit precomp gemm
  Batch size: 1
  Input sizes: 1 (224 to 224)
  Warmup iterations: 1
  Measurement iterations: 2

Loading resnet50...
✓ resnet50 loaded
Applying ai3 'implicit precomp gemm' algorithm conversion...
✓ Conversion completed:
  Total Conv2D layers: 53
  AI3 converted layers: 53
  Conversion rate: 100.0%

✓ CUDA available: NVIDIA L40S
  cuDNN version: 90600

======================================================================
STARTING PROFILING
======================================================================

[1/1] Input size: 224x224
  ✓ Input tensor: (1, 3, 224, 224)
  ✓ Time: 60.77ms ± 0.76ms
  ✓ Power: 52.72W (trapezoidal, 3 samples)
  ✓ Energy: 1.9442J per inference
  Top 3 slowest layers:
    layer4.0.conv2: 1.73ms (2.8%)
    layer4.1.conv2: 1.69ms (2.8%)
    layer4.2.conv2: 1.69ms (2.8%)

✓ Overall results: results/1_sanity/resnet50_implicit_precomp_gemm_l40s/resnet50_implicit_precomp_gemm_overall.csv
✓ Layer results: results/1_sanity/resnet50_implicit_precomp_gemm_l40s/resnet50_implicit_precomp_gemm_layers.csv

======================================================================
PROFILING COMPLETED
======================================================================
  ✓ 1 input sizes profiled
  ✓ 53 layer measurements
  ✓ Results saved to: results/1_sanity/resnet50_implicit_precomp_gemm_l40s
==========================================
End Time: Wed Feb  4 13:15:55 EST 2026
Exit Code: 0
==========================================
