==========================================
Job ID: 3113437
Node: gput055
Model: googlenet
Algorithm: guess
GPU Constraint: gpu4v100
Start Time: Wed Feb  4 13:03:47 EST 2026
==========================================
Wed Feb  4 13:03:47 2026       
+-----------------------------------------------------------------------------------------+
| NVIDIA-SMI 570.158.01             Driver Version: 570.158.01     CUDA Version: 12.8     |
|-----------------------------------------+------------------------+----------------------+
| GPU  Name                 Persistence-M | Bus-Id          Disp.A | Volatile Uncorr. ECC |
| Fan  Temp   Perf          Pwr:Usage/Cap |           Memory-Usage | GPU-Util  Compute M. |
|                                         |                        |               MIG M. |
|=========================================+========================+======================|
|   0  Tesla V100-SXM2-32GB           On  |   00000000:86:00.0 Off |                    0 |
| N/A   35C    P0             39W /  300W |       0MiB /  32768MiB |      0%      Default |
|                                         |                        |                  N/A |
+-----------------------------------------+------------------------+----------------------+
                                                                                         
+-----------------------------------------------------------------------------------------+
| Processes:                                                                              |
|  GPU   GI   CI              PID   Type   Process name                        GPU Memory |
|        ID   ID                                                               Usage      |
|=========================================================================================|
|  No running processes found                                                             |
+-----------------------------------------------------------------------------------------+
⚡ TEST MODE: 1 input size, 2 iterations
✓ Power monitoring initialized (current: 54.60W)
======================================================================
UNIFIED PROFILER: GOOGLENET + GUESS
======================================================================

Configuration:
  Model: googlenet
  Algorithm: guess
  Batch size: 1
  Input sizes: 1 (224 to 224)
  Warmup iterations: 1
  Measurement iterations: 2

Loading googlenet...
✓ googlenet loaded
Applying ai3 'guess' algorithm conversion...
✓ Conversion completed:
  Total Conv2D layers: 57
  AI3 converted layers: 57
  Conversion rate: 100.0%

✓ CUDA available: Tesla V100-SXM2-32GB
  cuDNN version: 90600

======================================================================
STARTING PROFILING
======================================================================

[1/1] Input size: 224x224
  ✓ Input tensor: (1, 3, 224, 224)
  ✓ Time: 74.22ms ± 0.14ms
  ✓ Power: 55.53W (trapezoidal, 5 samples)
  ✓ Energy: 3.4417J per inference
  Top 3 slowest layers:
    conv3.conv: 1.95ms (2.6%)
    conv1.conv: 1.75ms (2.4%)
    inception5b.branch2.1.conv: 1.73ms (2.3%)

✓ Overall results: results/1_sanity/googlenet_guess_v100/googlenet_guess_overall.csv
✓ Layer results: results/1_sanity/googlenet_guess_v100/googlenet_guess_layers.csv

======================================================================
PROFILING COMPLETED
======================================================================
  ✓ 1 input sizes profiled
  ✓ 57 layer measurements
  ✓ Results saved to: results/1_sanity/googlenet_guess_v100
==========================================
End Time: Wed Feb  4 13:04:02 EST 2026
Exit Code: 0
==========================================
