==========================================
Job ID: 3113378
Node: gput055
Model: densenet121
Algorithm: gemm
GPU Constraint: gpu4v100
Start Time: Wed Feb  4 12:11:44 EST 2026
==========================================
Wed Feb  4 12:11:44 2026       
+-----------------------------------------------------------------------------------------+
| NVIDIA-SMI 570.158.01             Driver Version: 570.158.01     CUDA Version: 12.8     |
|-----------------------------------------+------------------------+----------------------+
| GPU  Name                 Persistence-M | Bus-Id          Disp.A | Volatile Uncorr. ECC |
| Fan  Temp   Perf          Pwr:Usage/Cap |           Memory-Usage | GPU-Util  Compute M. |
|                                         |                        |               MIG M. |
|=========================================+========================+======================|
|   0  Tesla V100-SXM2-32GB           On  |   00000000:86:00.0 Off |                    0 |
| N/A   36C    P0             39W /  300W |       0MiB /  32768MiB |      0%      Default |
|                                         |                        |                  N/A |
+-----------------------------------------+------------------------+----------------------+
                                                                                         
+-----------------------------------------------------------------------------------------+
| Processes:                                                                              |
|  GPU   GI   CI              PID   Type   Process name                        GPU Memory |
|        ID   ID                                                               Usage      |
|=========================================================================================|
|  No running processes found                                                             |
+-----------------------------------------------------------------------------------------+
⚡ TEST MODE: 1 input size, 2 iterations
✓ Power monitoring initialized (current: 54.08W)
======================================================================
UNIFIED PROFILER: DENSENET121 + GEMM
======================================================================

Configuration:
  Model: densenet121
  Algorithm: gemm
  Batch size: 1
  Input sizes: 1 (224 to 224)
  Warmup iterations: 1
  Measurement iterations: 2

Loading densenet121...
✓ densenet121 loaded
Applying ai3 'gemm' algorithm conversion...
✓ Conversion completed:
  Total Conv2D layers: 120
  AI3 converted layers: 120
  Conversion rate: 100.0%

✓ CUDA available: Tesla V100-SXM2-32GB
  cuDNN version: 90600

======================================================================
STARTING PROFILING
======================================================================

[1/1] Input size: 224x224
  ✓ Input tensor: (1, 3, 224, 224)
  ✓ Time: 123.18ms ± 1.74ms
  ✓ Power: 57.30W (trapezoidal, 6 samples)
  ✓ Energy: 4.7013J per inference
  Top 3 slowest layers:
    features.conv0: 2.32ms (1.9%)
    features.transition1.conv: 2.03ms (1.6%)
    features.denseblock1.denselayer6.conv1: 1.88ms (1.5%)

✓ Overall results: results/1_sanity/densenet121_gemm_v100/densenet121_gemm_overall.csv
✓ Layer results: results/1_sanity/densenet121_gemm_v100/densenet121_gemm_layers.csv

======================================================================
PROFILING COMPLETED
======================================================================
  ✓ 1 input sizes profiled
  ✓ 120 layer measurements
  ✓ Results saved to: results/1_sanity/densenet121_gemm_v100
==========================================
End Time: Wed Feb  4 12:11:59 EST 2026
Exit Code: 0
==========================================
